2019-04-13T00:04:50.002Z WRN core/analyst] this should never happen, it should be filtered by the chandler
[2019-04-13T00:16:50.000Z WRN core/analyst] this should never happen, it should be filtered by the chandler
[2019-04-13T00:33:50.000Z WRN core/analyst] this should never happen, it should be filtered by the chandler
[2019-04-13T00:59:50.000Z WRN core/analyst] this should never happen, it should be filtered by the chandler
[2019-04-13T01:04:50.001Z WRN core/analyst] this should never happen, it should be filtered by the chandler
[2019-04-13T01:15:50.003Z WRN core/analyst] this should never happen, it should be filtered by the chandler
[2019-04-13T01:23:50.000Z WRN core/analyst] this should never happen, it should be filtered by the chandler
[2019-04-13T01:27:50.001Z WRN core/analyst] this should never happen, it should be filtered by the chandler
[2019-04-13T01:46:50.001Z WRN core/analyst] this should never happen, it should be filtered by the chandler
[2019-04-13T01:53:50.001Z WRN core/analyst] this should never happen, it should be filtered by the chandler
[2019-04-13T02:06:50.000Z WRN core/analyst] this should never happen, it should be filtered by the chandler
[2019-04-13T02:09:50.001Z WRN core/analyst] this should never happen, it should be filtered by the chandler
[2019-04-13T02:19:50.001Z WRN core/analyst] this should never happen, it should be filtered by the chandler
[2019-04-13T02:21:12.734Z ERR lib/orders]  >>>>>>>>> CREATE FAILED { clOrdID: 'tp-ag-ocipomybpk-4fa946xuic',
  ordStatus: 'Error',
  error:
   'The system is currently overloaded. Please try again later.' } { status: { code: 503, msg: 'Service Unavailable' },
  headers:
   { date: 'Sat, 13 Apr 2019 02:21:12 GMT',
     'content-type': 'application/json; charset=utf-8',
     'content-length': '102',
     connection: 'close',
     'set-cookie':
      [ 'AWSALB=QB2T7y3LMGN3zlrtKLNWNli1iOoWiGENV6AsWzq74tYPNpSnG5Hjj1Va2uxfOIJju90ifxtAoWHtTr4UUKF3WTmUmGGM+G6wBBubeowdrEuUljXL97LCGs4NMSO8; Expires=Sat, 20 Apr 2019 02:21:12 GMT; Path=/' ],
     'x-ratelimit-limit': '300',
     'x-ratelimit-remaining': '271',
     'x-ratelimit-reset': '1555122073',
     'x-powered-by': 'Profit',
     etag: 'W/"66-qhi7rqXXvlVhEy8FfnYZtT4OszQ"',
     'strict-transport-security': 'max-age=31536000; includeSubDomains' },
  body:
   { error:
      { message:
         'The system is currently overloaded. Please try again later.',
        name: 'HTTPError' } } }
[2019-04-13T02:21:12.737Z ERR lib/orders] rsp: {"status":{"code":503,"msg":"Service Unavailable"},"headers":{"date":"Sat, 13 Apr 2019 02:21:12 GMT","content-type":"application/json; charset=utf-8","content-length":"102","connection":"close","set-cookie":["AWSALB=QB2T7y3LMGN3zlrtKLNWNli1iOoWiGENV6AsWzq74tYPNpSnG5Hjj1Va2uxfOIJju90ifxtAoWHtTr4UUKF3WTmUmGGM+G6wBBubeowdrEuUljXL97LCGs4NMSO8; Expires=Sat, 20 Apr 2019 02:21:12 GMT; Path=/"],"x-ratelimit-limit":"300","x-ratelimit-remaining":"271","x-ratelimit-reset":"1555122073","x-powered-by":"Profit","etag":"W/\"66-qhi7rqXXvlVhEy8FfnYZtT4OszQ\"","strict-transport-security":"max-age=31536000; includeSubDomains"},"body":{"error":{"message":"The system is currently overloaded. Please try again later.","name":"HTTPError"}}}
[2019-04-13T02:21:12.738Z ERR lib/orders] order: {"clOrdID":"tp-ag-ocipomybpk-4fa946xuic","ordStatus":"Error","error":"The system is currently overloaded. Please try again later."}
[2019-04-13T02:21:12.738Z FTL lib/orders]
[2019-04-13T02:21:13.355Z WRN core/adapter] limit updated: 39
[2019-04-13T02:36:50.000Z WRN core/analyst] this should never happen, it should be filtered by the chandler
[2019-04-13T02:49:50.001Z WRN core/analyst] this should never happen, it should be filtered by the chandler
[2019-04-13T03:21:49.999Z WRN core/analyst] this should never happen, it should be filtered by the chandler
[2019-04-13T03:22:50.001Z WRN core/analyst] this should never happen, it should be filtered by the chandler
[2019-04-13T03:34:50.001Z WRN core/analyst] this should never happen, it should be filtered by the chandler
[2019-04-13T03:38:50.000Z WRN core/analyst] this should never happen, it should be filtered by the chandler
[2019-04-13T03:49:50.001Z WRN core/analyst] this should never happen, it should be filtered by the chandler
[2019-04-13T04:21:50.001Z WRN core/analyst] this should never happen, it should be filtered by the chandler
[2019-04-13T04:24:50.001Z WRN core/analyst] this should never happen, it should be filtered by the chandler
[2019-04-13T04:26:50.001Z WRN core/analyst] this should never happen, it should be filtered by the chandler
[2019-04-13T04:28:50.000Z WRN core/analyst] this should never happen, it should be filtered by the chandler
[2019-04-13T04:35:50.001Z WRN core/analyst] this should never happen, it should be filtered by the chandler
[2019-04-13T04:59:50.001Z WRN core/analyst] this should never happen, it should be filtered by the chandler
[2019-04-13T05:46:50.001Z WRN core/analyst] this should never happen, it should be filtered by the chandler
[2019-04-13T05:51:50.001Z WRN core/analyst] this should never happen, it should be filtered by the chandler
[2019-04-13T06:01:50.001Z WRN core/analyst] this should never happen, it should be filtered by the chandler
[2019-04-13T06:10:50.001Z WRN core/analyst] this should never happen, it should be filtered by the chandler
[2019-04-13T06:34:50.001Z WRN core/analyst] this should never happen, it should be filtered by the chandler
[2019-04-13T07:29:50.001Z WRN core/analyst] this should never happen, it should be filtered by the chandler
[2019-04-13T07:33:50.001Z WRN core/analyst] this should never happen, it should be filtered by the chandler
[2019-04-13T07:49:21.075Z ERR lib/orders]  >>>>>>>>> CREATE FAILED { clOrdID: 'tp-ag-l7ch7xeai8-adf1l7tgah',
  ordStatus: 'Error',
  error:
   'The system is currently overloaded. Please try again later.' } { status: { code: 503, msg: 'Service Unavailable' },
  headers:
   { date: 'Sat, 13 Apr 2019 07:49:21 GMT',
     'content-type': 'application/json; charset=utf-8',
     'content-length': '102',
     connection: 'close',
     'set-cookie':
      [ 'AWSALB=YZalbTFNa4J1Hu4FgxYJkA+i5LmriaCy9N4TO9lhM+jqFeqiAiDux+OU7r9eTJtnKJjUOHsRUp8Z79Bt/jXffAJF8dK4jGtLUN3/Vp3YQ/bpbJChDiWt39mOAcl9; Expires=Sat, 20 Apr 2019 07:49:21 GMT; Path=/' ],
     'x-ratelimit-limit': '300',
     'x-ratelimit-remaining': '175',
     'x-ratelimit-reset': '1555141762',
     'x-powered-by': 'Profit',
     etag: 'W/"66-qhi7rqXXvlVhEy8FfnYZtT4OszQ"',
     'strict-transport-security': 'max-age=31536000; includeSubDomains' },
  body:
   { error:
      { message:
         'The system is currently overloaded. Please try again later.',
        name: 'HTTPError' } } }
[2019-04-13T07:49:21.078Z ERR lib/orders] rsp: {"status":{"code":503,"msg":"Service Unavailable"},"headers":{"date":"Sat, 13 Apr 2019 07:49:21 GMT","content-type":"application/json; charset=utf-8","content-length":"102","connection":"close","set-cookie":["AWSALB=YZalbTFNa4J1Hu4FgxYJkA+i5LmriaCy9N4TO9lhM+jqFeqiAiDux+OU7r9eTJtnKJjUOHsRUp8Z79Bt/jXffAJF8dK4jGtLUN3/Vp3YQ/bpbJChDiWt39mOAcl9; Expires=Sat, 20 Apr 2019 07:49:21 GMT; Path=/"],"x-ratelimit-limit":"300","x-ratelimit-remaining":"175","x-ratelimit-reset":"1555141762","x-powered-by":"Profit","etag":"W/\"66-qhi7rqXXvlVhEy8FfnYZtT4OszQ\"","strict-transport-security":"max-age=31536000; includeSubDomains"},"body":{"error":{"message":"The system is currently overloaded. Please try again later.","name":"HTTPError"}}}
[2019-04-13T07:49:21.078Z ERR lib/orders] order: {"clOrdID":"tp-ag-l7ch7xeai8-adf1l7tgah","ordStatus":"Error","error":"The system is currently overloaded. Please try again later."}
[2019-04-13T07:49:21.078Z FTL lib/orders]
[2019-04-13T07:49:21.560Z WRN core/adapter] limit updated: 39
[2019-04-13T08:12:50.001Z WRN core/analyst] this should never happen, it should be filtered by the chandler
[2019-04-13T08:20:50.001Z WRN core/analyst] this should never happen, it should be filtered by the chandler
[2019-04-13T09:08:50.000Z WRN core/analyst] this should never happen, it should be filtered by the chandler
[2019-04-13T09:15:50.000Z WRN core/analyst] this should never happen, it should be filtered by the chandler
[2019-04-13T09:51:50.000Z WRN core/analyst] this should never happen, it should be filtered by the chandler
[2019-04-13T09:52:50.002Z WRN core/analyst] this should never happen, it should be filtered by the chandler
[2019-04-13T10:23:50.001Z WRN core/analyst] this should never happen, it should be filtered by the chandler
[2019-04-13T10:26:50.011Z WRN core/analyst] this should never happen, it should be filtered by the chandler
[2019-04-13T10:35:51.265Z ERR lib/orders]  >>>>>>>>> CREATE FAILED { clOrdID: 'lm-ag-yon3msl5a8-5u3wt0bze7',
  ordStatus: 'Error',
  error:
   'The system is currently overloaded. Please try again later.' } { status: { code: 503, msg: 'Service Unavailable' },
  headers:
   { date: 'Sat, 13 Apr 2019 10:35:51 GMT',
     'content-type': 'application/json; charset=utf-8',
     'content-length': '102',
     connection: 'close',
     'set-cookie':
      [ 'AWSALB=Hhy+zaySOi4J7Hz7Nx7otoG/qDSvsceIw+T4wWJVbZygl4q1A+13WldQ2y/VGlDfXiK0K2cxlxL+gREbmSZB3LL8b3x+mpWHqY4JUA+IDsxf+raQnxpQhGaUn27R; Expires=Sat, 20 Apr 2019 10:35:51 GMT; Path=/' ],
     'x-ratelimit-limit': '300',
     'x-ratelimit-remaining': '166',
     'x-ratelimit-reset': '1555151752',
     'x-powered-by': 'Profit',
     etag: 'W/"66-qhi7rqXXvlVhEy8FfnYZtT4OszQ"',
     'strict-transport-security': 'max-age=31536000; includeSubDomains' },
  body:
   { error:
      { message:
         'The system is currently overloaded. Please try again later.',
        name: 'HTTPError' } } }
[2019-04-13T10:35:51.272Z ERR lib/orders] rsp: {"status":{"code":503,"msg":"Service Unavailable"},"headers":{"date":"Sat, 13 Apr 2019 10:35:51 GMT","content-type":"application/json; charset=utf-8","content-length":"102","connection":"close","set-cookie":["AWSALB=Hhy+zaySOi4J7Hz7Nx7otoG/qDSvsceIw+T4wWJVbZygl4q1A+13WldQ2y/VGlDfXiK0K2cxlxL+gREbmSZB3LL8b3x+mpWHqY4JUA+IDsxf+raQnxpQhGaUn27R; Expires=Sat, 20 Apr 2019 10:35:51 GMT; Path=/"],"x-ratelimit-limit":"300","x-ratelimit-remaining":"166","x-ratelimit-reset":"1555151752","x-powered-by":"Profit","etag":"W/\"66-qhi7rqXXvlVhEy8FfnYZtT4OszQ\"","strict-transport-security":"max-age=31536000; includeSubDomains"},"body":{"error":{"message":"The system is currently overloaded. Please try again later.","name":"HTTPError"}}}
[2019-04-13T10:35:51.272Z ERR lib/orders] order: {"clOrdID":"lm-ag-yon3msl5a8-5u3wt0bze7","ordStatus":"Error","error":"The system is currently overloaded. Please try again later."}
[2019-04-13T10:35:51.273Z FTL lib/orders]
[2019-04-13T10:35:51.724Z WRN core/adapter] limit updated: 39
[2019-04-13T10:35:55.013Z ERR lib/orders]  >>>>>>>>> CREATE FAILED { clOrdID: 'tp-ag-xs2mui94uy-jb0unx3aeg',
  ordStatus: 'Error',
  error:
   'The system is currently overloaded. Please try again later.' } { status: { code: 503, msg: 'Service Unavailable' },
  headers:
   { date: 'Sat, 13 Apr 2019 10:35:55 GMT',
     'content-type': 'application/json; charset=utf-8',
     'content-length': '102',
     connection: 'close',
     'set-cookie':
      [ 'AWSALB=Sle5nA/xA4DthcS9LzGFrfZYNGeiCyIJHS1JG+8Iw2UjIlrHyCOrRTZfsjZ7vHj1HVv8eg13XFF5DTEHlM+Vr4dROpLQHcQqLuJijY9lTULbSge/lxxG34vxmPlN; Expires=Sat, 20 Apr 2019 10:35:54 GMT; Path=/' ],
     'x-ratelimit-limit': '300',
     'x-ratelimit-remaining': '166',
     'x-ratelimit-reset': '1555151756',
     'x-powered-by': 'Profit',
     etag: 'W/"66-qhi7rqXXvlVhEy8FfnYZtT4OszQ"',
     'strict-transport-security': 'max-age=31536000; includeSubDomains' },
  body:
   { error:
      { message:
         'The system is currently overloaded. Please try again later.',
        name: 'HTTPError' } } }
[2019-04-13T10:35:55.020Z ERR lib/orders] rsp: {"status":{"code":503,"msg":"Service Unavailable"},"headers":{"date":"Sat, 13 Apr 2019 10:35:55 GMT","content-type":"application/json; charset=utf-8","content-length":"102","connection":"close","set-cookie":["AWSALB=Sle5nA/xA4DthcS9LzGFrfZYNGeiCyIJHS1JG+8Iw2UjIlrHyCOrRTZfsjZ7vHj1HVv8eg13XFF5DTEHlM+Vr4dROpLQHcQqLuJijY9lTULbSge/lxxG34vxmPlN; Expires=Sat, 20 Apr 2019 10:35:54 GMT; Path=/"],"x-ratelimit-limit":"300","x-ratelimit-remaining":"166","x-ratelimit-reset":"1555151756","x-powered-by":"Profit","etag":"W/\"66-qhi7rqXXvlVhEy8FfnYZtT4OszQ\"","strict-transport-security":"max-age=31536000; includeSubDomains"},"body":{"error":{"message":"The system is currently overloaded. Please try again later.","name":"HTTPError"}}}
[2019-04-13T10:35:55.020Z ERR lib/orders] order: {"clOrdID":"tp-ag-xs2mui94uy-jb0unx3aeg","ordStatus":"Error","error":"The system is currently overloaded. Please try again later."}
[2019-04-13T10:35:55.022Z FTL lib/orders]
[2019-04-13T10:35:55.761Z WRN core/adapter] limit updated: 38
[2019-04-13T10:36:02.018Z ERR lib/orders]  >>>>>>>>> CREATE FAILED { clOrdID: 'tp-ag-zq1d83lexl-tvakxmrgrb',
  ordStatus: 'Error',
  error:
   'The system is currently overloaded. Please try again later.' } { status: { code: 503, msg: 'Service Unavailable' },
  headers:
   { date: 'Sat, 13 Apr 2019 10:36:02 GMT',
     'content-type': 'application/json; charset=utf-8',
     'content-length': '102',
     connection: 'close',
     'set-cookie':
      [ 'AWSALB=+we2zGO6T7W+fk40jktbO28voTKEeWTwz5KhMtF1itoRT0hhSyI6ciATnoY22zKlgxMiTIFKCByt32fyGGQ+rvyRYiED+EJpLR2zYQDiRpkTc4sAvDrmERfsxf9g; Expires=Sat, 20 Apr 2019 10:36:02 GMT; Path=/' ],
     'x-ratelimit-limit': '300',
     'x-ratelimit-remaining': '158',
     'x-ratelimit-reset': '1555151763',
     'x-powered-by': 'Profit',
     etag: 'W/"66-qhi7rqXXvlVhEy8FfnYZtT4OszQ"',
     'strict-transport-security': 'max-age=31536000; includeSubDomains' },
  body:
   { error:
      { message:
         'The system is currently overloaded. Please try again later.',
        name: 'HTTPError' } } }
[2019-04-13T10:36:02.022Z ERR lib/orders] rsp: {"status":{"code":503,"msg":"Service Unavailable"},"headers":{"date":"Sat, 13 Apr 2019 10:36:02 GMT","content-type":"application/json; charset=utf-8","content-length":"102","connection":"close","set-cookie":["AWSALB=+we2zGO6T7W+fk40jktbO28voTKEeWTwz5KhMtF1itoRT0hhSyI6ciATnoY22zKlgxMiTIFKCByt32fyGGQ+rvyRYiED+EJpLR2zYQDiRpkTc4sAvDrmERfsxf9g; Expires=Sat, 20 Apr 2019 10:36:02 GMT; Path=/"],"x-ratelimit-limit":"300","x-ratelimit-remaining":"158","x-ratelimit-reset":"1555151763","x-powered-by":"Profit","etag":"W/\"66-qhi7rqXXvlVhEy8FfnYZtT4OszQ\"","strict-transport-security":"max-age=31536000; includeSubDomains"},"body":{"error":{"message":"The system is currently overloaded. Please try again later.","name":"HTTPError"}}}
[2019-04-13T10:36:02.022Z ERR lib/orders] order: {"clOrdID":"tp-ag-zq1d83lexl-tvakxmrgrb","ordStatus":"Error","error":"The system is currently overloaded. Please try again later."}
[2019-04-13T10:36:02.022Z FTL lib/orders]
[2019-04-13T10:36:02.506Z WRN core/adapter] limit updated: 37
[2019-04-13T10:46:50.002Z WRN core/analyst] this should never happen, it should be filtered by the chandler
[2019-04-13T11:10:50.001Z WRN core/analyst] this should never happen, it should be filtered by the chandler
[2019-04-13T11:12:50.001Z WRN core/analyst] this should never happen, it should be filtered by the chandler
