[2019-03-13T07:46:08.205Z] [broker/bitmex] =============================> id: lm-ag-6031aglcip-7z6cfx1vsf | status: New | changes: 8
[2019-03-13T07:46:08.205Z] [lib/orders] >>>> amend order lm-ag-6031aglcip-7z6cfx1vsf { price: 3866.5 }
[2019-03-13T07:46:09.404Z] [broker/bitmex] =============================> id: lm-ag-6031aglcip-7z6cfx1vsf | status: New | changes: 7
[2019-03-13T07:46:09.803Z] [broker/bitmex] =============================> id: lm-ag-6031aglcip-7z6cfx1vsf | status: PartiallyFilled | changes: 9
[2019-03-13T07:46:09.804Z] [broker/bitmex] >>> createTargets XBTUSD -19 3866.5
[2019-03-13T07:46:09.804Z] [lib/orders] >>>> create order tp-ag-6031aglcip-edevs43738
[2019-03-13T07:46:10.725Z] [lib/orders] >>>> add tp-ag-6031aglcip-edevs43738
[2019-03-13T07:46:10.725Z] [lib/orders] [ 'tp-ag-ql0fea6iy6-1vxxmhww89',
  'sl-ag-ql0fea6iy6-0kxivfyc5r',
  'lm-ag-6031aglcip-7z6cfx1vsf',
  'tp-ag-6031aglcip-edevs43738' ]
[2019-03-13T07:46:10.752Z] [lib/orders] >>>> create order sl-ag-6031aglcip-vw4yib34w2
[2019-03-13T07:46:11.776Z] [lib/orders] >>>> add sl-ag-6031aglcip-vw4yib34w2
[2019-03-13T07:46:11.776Z] [lib/orders] [ 'tp-ag-ql0fea6iy6-1vxxmhww89',
  'sl-ag-ql0fea6iy6-0kxivfyc5r',
  'lm-ag-6031aglcip-7z6cfx1vsf',
  'tp-ag-6031aglcip-edevs43738',
  'sl-ag-6031aglcip-vw4yib34w2' ]
[2019-03-13T07:46:11.792Z] [broker/bitmex] >>>> updating job 6031aglcip { sl: 3876 }
[2019-03-13T07:46:11.792Z] [broker/bitmex] >>>> updating job 6031aglcip { state: 2 }
[2019-03-13T07:46:11.792Z] [broker/bitmex] =============================> id: tp-ag-6031aglcip-edevs43738 | status: New | changes: 33
[2019-03-13T07:46:11.792Z] [broker/bitmex] =============================> id: tp-ag-6031aglcip-edevs43738 | status: New | changes: 6
[2019-03-13T07:46:11.793Z] [broker/bitmex] =============================> id: sl-ag-6031aglcip-vw4yib34w2 | status: New | changes: 33
[2019-03-13T07:46:11.793Z] [lib/orders] >>>> amend order tp-ag-6031aglcip-edevs43738 { price: 3864.5 }
[2019-03-13T07:46:13.005Z] [broker/bitmex] =============================> id: tp-ag-6031aglcip-edevs43738 | status: New | changes: 8
[2019-03-13T07:46:15.200Z] [lib/orders] >>>> amend order lm-ag-6031aglcip-7z6cfx1vsf { price: 3866 }
[2019-03-13T07:46:15.404Z] [lib/orders] >>>> amend order lm-ag-6031aglcip-7z6cfx1vsf { price: 3866 }
[2019-03-13T07:46:15.605Z] [lib/orders] >>>> amend order lm-ag-6031aglcip-7z6cfx1vsf { price: 3866 }
[2019-03-13T07:46:15.801Z] [lib/orders] >>>> amend order lm-ag-6031aglcip-7z6cfx1vsf { price: 3866 }
[2019-03-13T07:46:16.005Z] [lib/orders] >>>> amend order lm-ag-6031aglcip-7z6cfx1vsf { price: 3866 }
[2019-03-13T07:46:16.202Z] [broker/bitmex] =============================> id: lm-ag-6031aglcip-7z6cfx1vsf | status: PartiallyFilled | changes: 7
[2019-03-13T07:46:16.202Z] [broker/bitmex] >>> createTargets XBTUSD -19 3866.5
[2019-03-13T07:46:16.203Z] [lib/orders] >>>> amend order tp-ag-6031aglcip-edevs43738 { orderQty: 19, price: 3852 }
[2019-03-13T07:46:17.253Z] [lib/orders] >>>> amend order sl-ag-6031aglcip-vw4yib34w2 { orderQty: 19, stopPx: 3895.5 }
[2019-03-13T07:46:18.211Z] [broker/bitmex] >>>> updating job 6031aglcip { sl: 3876 }
[2019-03-13T07:46:18.211Z] [broker/bitmex] =============================> id: lm-ag-6031aglcip-7z6cfx1vsf | status: PartiallyFilled | changes: 5
[2019-03-13T07:46:18.211Z] [broker/bitmex] >>> createTargets XBTUSD -19 3866.5
[2019-03-13T07:46:18.211Z] [lib/orders] >>>> amend order tp-ag-6031aglcip-edevs43738 { orderQty: 19, price: 3852 }
[2019-03-13T07:46:19.178Z] [lib/orders] >>>> amend order sl-ag-6031aglcip-vw4yib34w2 { orderQty: 19, stopPx: 3895.5 }
[2019-03-13T07:46:20.144Z] [broker/bitmex] >>>> updating job 6031aglcip { sl: 3876 }
[2019-03-13T07:46:20.144Z] [broker/bitmex] =============================> id: lm-ag-6031aglcip-7z6cfx1vsf | status: PartiallyFilled | changes: 5
[2019-03-13T07:46:20.144Z] [broker/bitmex] >>> createTargets XBTUSD -19 3866.5
[2019-03-13T07:46:20.145Z] [lib/orders] >>>> amend order tp-ag-6031aglcip-edevs43738 { orderQty: 19, price: 3852 }
[2019-03-13T07:46:21.186Z] [lib/orders] >>>> amend order sl-ag-6031aglcip-vw4yib34w2 { orderQty: 19, stopPx: 3895.5 }
[2019-03-13T07:46:22.486Z] [broker/bitmex] >>>> updating job 6031aglcip { sl: 3876 }
[2019-03-13T07:46:22.486Z] [broker/bitmex] =============================> id: lm-ag-6031aglcip-7z6cfx1vsf | status: PartiallyFilled | changes: 5
[2019-03-13T07:46:22.486Z] [broker/bitmex] >>> createTargets XBTUSD -19 3866.5
[2019-03-13T07:46:22.487Z] [lib/orders] >>>> amend order tp-ag-6031aglcip-edevs43738 { orderQty: 19, price: 3852 }
[2019-03-13T07:46:23.417Z] [lib/orders] >>>> amend order sl-ag-6031aglcip-vw4yib34w2 { orderQty: 19, stopPx: 3895.5 }
[2019-03-13T07:46:24.646Z] [broker/bitmex] >>>> updating job 6031aglcip { sl: 3876 }
[2019-03-13T07:46:24.646Z] [broker/bitmex] =============================> id: lm-ag-6031aglcip-7z6cfx1vsf | status: PartiallyFilled | changes: 5
[2019-03-13T07:46:24.647Z] [broker/bitmex] >>> createTargets XBTUSD -19 3866.5
[2019-03-13T07:46:24.647Z] [lib/orders] >>>> amend order tp-ag-6031aglcip-edevs43738 { orderQty: 19, price: 3852 }
[2019-03-13T07:46:25.578Z] [lib/orders] >>>> amend order sl-ag-6031aglcip-vw4yib34w2 { orderQty: 19, stopPx: 3895.5 }
[2019-03-13T07:46:26.510Z] [broker/bitmex] >>>> updating job 6031aglcip { sl: 3876 }
[2019-03-13T07:46:26.511Z] [broker/bitmex] =============================> id: tp-ag-6031aglcip-edevs43738 | status: New | changes: 8
[2019-03-13T07:46:26.511Z] [broker/bitmex] =============================> id: sl-ag-6031aglcip-vw4yib34w2 | status: New | changes: 6
[2019-03-13T07:46:26.511Z] [broker/bitmex] =============================> id: tp-ag-6031aglcip-edevs43738 | status: New | changes: 5
[2019-03-13T07:46:26.511Z] [broker/bitmex] =============================> id: sl-ag-6031aglcip-vw4yib34w2 | status: New | changes: 5
[2019-03-13T07:46:26.511Z] [broker/bitmex] =============================> id: tp-ag-6031aglcip-edevs43738 | status: New | changes: 5
[2019-03-13T07:46:26.511Z] [broker/bitmex] =============================> id: sl-ag-6031aglcip-vw4yib34w2 | status: New | changes: 5
[2019-03-13T07:46:26.511Z] [broker/bitmex] =============================> id: tp-ag-6031aglcip-edevs43738 | status: New | changes: 5
[2019-03-13T07:46:26.511Z] [broker/bitmex] =============================> id: sl-ag-6031aglcip-vw4yib34w2 | status: New | changes: 5
[2019-03-13T07:46:26.511Z] [broker/bitmex] =============================> id: tp-ag-6031aglcip-edevs43738 | status: New | changes: 5
[2019-03-13T07:46:26.512Z] [lib/orders] >>>> amend order lm-ag-6031aglcip-7z6cfx1vsf { price: 3865 }
[2019-03-13T07:46:26.513Z] [lib/orders] >>>> amend order tp-ag-6031aglcip-edevs43738 { price: 3864.5 }
[2019-03-13T07:46:27.574Z] [broker/bitmex] $$$$$$$$$$$$$$$$$$$ order slipped! lm-ag-6031aglcip-7z6cfx1vsf XBTUSD 0
[2019-03-13T07:46:27.574Z] [lib/orders] >>>> remove lm-ag-6031aglcip-7z6cfx1vsf - 2
[2019-03-13T07:46:27.574Z] [lib/orders] [ 'tp-ag-ql0fea6iy6-1vxxmhww89',
  'sl-ag-ql0fea6iy6-0kxivfyc5r',
  'tp-ag-6031aglcip-edevs43738',
  'sl-ag-6031aglcip-vw4yib34w2' ]
[2019-03-13T07:46:27.579Z] [lib/orders] >>>> create order lm-ag-6031aglcip-ayg8ywe317
[2019-03-13T07:46:27.602Z] [broker/bitmex] =============================> id: sl-ag-6031aglcip-vw4yib34w2 | status: New | changes: 5
[2019-03-13T07:46:27.603Z] [lib/orders] >>>> discard f2b0c628-a07a-6588-9942-6dd87ec7a561
[2019-03-13T07:46:28.584Z] [broker/bitmex] =============================> id: tp-ag-6031aglcip-edevs43738 | status: New | changes: 8
