[2019-03-02T23:59:00.003Z] [broker/bitmex] max amount of jobs
[2019-03-03T00:00:00.002Z] [lib/backbone] CandleClosed
[2019-03-03T00:00:00.003Z] [lib/backbone] CandleAnalyzed
[2019-03-03T00:00:00.003Z] [lib/backbone] OpenLong
[2019-03-03T00:00:00.003Z] [lib/backbone] TradeContract
[2019-03-03T00:00:00.003Z] [broker/bitmex] max amount of jobs
[2019-03-03T00:00:00.004Z] [lib/orders] @@@@@@@@@@@@@@@@@@@@@@@@@@@@@@@@@@@@@@@@@@@@@@@@@@@@@@@
[2019-03-03T00:00:00.004Z] [lib/orders] amend ag-hcu8rs90-tp
[2019-03-03T00:00:00.004Z] [lib/orders] params { price: 3809.5 }
[2019-03-03T00:00:00.004Z] [lib/orders] @@@@@@@@@@@@@@@@@@@@@@@@@@@@@@@@@@@@@@@@@@@@@@@@@@@@@@@
[2019-03-03T00:00:00.006Z] [lib/https] PUT https://testnet.bitmex.com/api/v1/order
[2019-03-03T00:00:01.776Z] [lib/backbone] OrderAmended
[2019-03-03T00:00:02.002Z] [lib/orders] @@@@@@@@@@@@@@@@@@@@@@@@@@@@@@@@@@@@@@@@@@@@@@@@@@@@@@@
[2019-03-03T00:00:02.003Z] [lib/orders] amend ag-hcu8rs90-tp
[2019-03-03T00:00:02.003Z] [lib/orders] params { price: 3809.5 }
[2019-03-03T00:00:02.003Z] [lib/orders] @@@@@@@@@@@@@@@@@@@@@@@@@@@@@@@@@@@@@@@@@@@@@@@@@@@@@@@
[2019-03-03T00:00:02.003Z] [lib/https] PUT https://testnet.bitmex.com/api/v1/order
[2019-03-03T00:00:02.971Z] [lib/backbone] OrderAmended
[2019-03-03T00:01:00.002Z] [lib/backbone] CandleClosed
[2019-03-03T00:01:00.003Z] [lib/backbone] CandleAnalyzed
[2019-03-03T00:01:00.003Z] [lib/backbone] OpenLong
[2019-03-03T00:01:00.003Z] [lib/backbone] TradeContract
[2019-03-03T00:01:00.003Z] [broker/bitmex] max amount of jobs
[2019-03-03T00:02:00.002Z] [lib/backbone] CandleClosed
[2019-03-03T00:02:00.003Z] [lib/backbone] CandleAnalyzed
[2019-03-03T00:02:00.003Z] [lib/backbone] OpenLong
[2019-03-03T00:02:00.003Z] [lib/backbone] TradeContract
[2019-03-03T00:02:00.003Z] [broker/bitmex] max amount of jobs
[2019-03-03T00:02:07.002Z] [lib/https] DELETE https://testnet.bitmex.com/api/v1/order/all
[2019-03-03T00:03:00.003Z] [lib/backbone] CandleClosed
[2019-03-03T00:03:00.003Z] [lib/backbone] CandleAnalyzed
[2019-03-03T00:03:00.003Z] [lib/backbone] OpenLong
[2019-03-03T00:03:00.003Z] [lib/backbone] TradeContract
[2019-03-03T00:03:00.003Z] [lib/orders] @@@@@@@@@@@@@@@@@@@@@@@@@@@@@@@@@@@@@@@@@@@@@@@@@@@@@@@
[2019-03-03T00:03:00.003Z] [lib/orders] create ag-t6omskot-lm
[2019-03-03T00:03:00.003Z] [lib/orders] params { ordType: 'Limit',
  execInst: 'ParticipateDoNotInitiate',
  price: 3809 }
[2019-03-03T00:03:00.003Z] [lib/orders] @@@@@@@@@@@@@@@@@@@@@@@@@@@@@@@@@@@@@@@@@@@@@@@@@@@@@@@
[2019-03-03T00:03:00.004Z] [lib/https] POST https://testnet.bitmex.com/api/v1/order
[2019-03-03T00:03:01.888Z] [lib/backbone] OrderPlaced
[2019-03-03T00:04:00.003Z] [lib/backbone] CandleClosed
[2019-03-03T00:04:00.003Z] [lib/backbone] CandleAnalyzed
[2019-03-03T00:04:00.003Z] [lib/backbone] OpenLong
[2019-03-03T00:04:00.003Z] [lib/backbone] TradeContract
[2019-03-03T00:04:00.003Z] [broker/bitmex] max amount of jobs
[2019-03-03T00:05:00.002Z] [lib/backbone] CandleClosed
[2019-03-03T00:05:00.002Z] [lib/backbone] CandleAnalyzed
[2019-03-03T00:05:00.002Z] [lib/backbone] OpenLong
[2019-03-03T00:05:00.002Z] [lib/backbone] TradeContract
[2019-03-03T00:05:00.003Z] [broker/bitmex] max amount of jobs
[2019-03-03T00:06:00.002Z] [lib/backbone] CandleClosed
[2019-03-03T00:06:00.003Z] [lib/backbone] CandleAnalyzed
[2019-03-03T00:07:00.002Z] [lib/backbone] CandleClosed
[2019-03-03T00:07:00.003Z] [lib/backbone] CandleAnalyzed
[2019-03-03T00:07:00.003Z] [lib/backbone] OpenShort
[2019-03-03T00:07:00.003Z] [lib/backbone] TradeContract
[2019-03-03T00:07:00.003Z] [broker/bitmex] max amount of jobs
[2019-03-03T00:08:00.004Z] [lib/backbone] CandleClosed
[2019-03-03T00:08:00.004Z] [lib/backbone] CandleAnalyzed
[2019-03-03T00:08:00.004Z] [lib/backbone] OpenLong
[2019-03-03T00:08:00.004Z] [lib/backbone] TradeContract
[2019-03-03T00:08:00.005Z] [broker/bitmex] max amount of jobs
[2019-03-03T00:09:00.002Z] [lib/backbone] CandleClosed
[2019-03-03T00:09:00.002Z] [lib/backbone] CandleAnalyzed
[2019-03-03T00:09:00.002Z] [lib/backbone] OpenLong
[2019-03-03T00:09:00.003Z] [lib/backbone] TradeContract
[2019-03-03T00:09:00.003Z] [broker/bitmex] max amount of jobs
[2019-03-03T00:09:18.002Z] [lib/orders] @@@@@@@@@@@@@@@@@@@@@@@@@@@@@@@@@@@@@@@@@@@@@@@@@@@@@@@
[2019-03-03T00:09:18.002Z] [lib/orders] create ag-t6omskot-sl
[2019-03-03T00:09:18.002Z] [lib/orders] params { ordType: 'Stop', execInst: 'ReduceOnly', stopPx: 3771 }
[2019-03-03T00:09:18.002Z] [lib/orders] @@@@@@@@@@@@@@@@@@@@@@@@@@@@@@@@@@@@@@@@@@@@@@@@@@@@@@@
[2019-03-03T00:09:18.002Z] [lib/https] POST https://testnet.bitmex.com/api/v1/order
[2019-03-03T00:09:19.187Z] [lib/orders] @@@@@@@@@@@@@@@@@@@@@@@@@@@@@@@@@@@@@@@@@@@@@@@@@@@@@@@
[2019-03-03T00:09:19.187Z] [lib/orders] create ag-t6omskot-tp
[2019-03-03T00:09:19.187Z] [lib/orders] params { ordType: 'Limit', execInst: 'ReduceOnly', price: 3809.5 }
[2019-03-03T00:09:19.187Z] [lib/orders] @@@@@@@@@@@@@@@@@@@@@@@@@@@@@@@@@@@@@@@@@@@@@@@@@@@@@@@
[2019-03-03T00:09:19.187Z] [lib/https] POST https://testnet.bitmex.com/api/v1/order
[2019-03-03T00:10:00.002Z] [lib/backbone] CandleClosed
[2019-03-03T00:10:00.002Z] [lib/backbone] CandleAnalyzed
[2019-03-03T00:10:00.003Z] [lib/backbone] OpenLong
[2019-03-03T00:10:00.003Z] [lib/backbone] TradeContract
[2019-03-03T00:10:00.003Z] [broker/bitmex] max amount of jobs
[2019-03-03T00:11:00.002Z] [lib/backbone] CandleClosed
[2019-03-03T00:11:00.003Z] [lib/backbone] CandleAnalyzed
[2019-03-03T00:11:00.003Z] [lib/backbone] OpenLong
[2019-03-03T00:11:00.003Z] [lib/backbone] TradeContract
[2019-03-03T00:11:00.003Z] [broker/bitmex] max amount of jobs
[2019-03-03T00:12:00.002Z] [lib/backbone] CandleClosed
[2019-03-03T00:12:00.002Z] [lib/backbone] CandleAnalyzed
[2019-03-03T00:12:00.003Z] [lib/backbone] OpenLong
[2019-03-03T00:12:00.003Z] [lib/backbone] TradeContract
[2019-03-03T00:12:00.003Z] [broker/bitmex] max amount of jobs
[2019-03-03T00:12:01.004Z] [lib/orders] @@@@@@@@@@@@@@@@@@@@@@@@@@@@@@@@@@@@@@@@@@@@@@@@@@@@@@@
[2019-03-03T00:12:01.004Z] [lib/orders] amend ag-t6omskot-tp
[2019-03-03T00:12:01.005Z] [lib/orders] params { price: 3809 }
[2019-03-03T00:12:01.005Z] [lib/orders] @@@@@@@@@@@@@@@@@@@@@@@@@@@@@@@@@@@@@@@@@@@@@@@@@@@@@@@
[2019-03-03T00:12:01.005Z] [lib/https] PUT https://testnet.bitmex.com/api/v1/order
[2019-03-03T00:12:03.040Z] [lib/backbone] OrderAmended
[2019-03-03T00:13:00.002Z] [lib/backbone] CandleClosed
[2019-03-03T00:13:00.002Z] [lib/backbone] CandleAnalyzed
[2019-03-03T00:13:00.002Z] [lib/backbone] OpenLong
[2019-03-03T00:13:00.002Z] [lib/backbone] TradeContract
[2019-03-03T00:13:00.002Z] [broker/bitmex] max amount of jobs
[2019-03-03T00:14:00.002Z] [lib/backbone] CandleClosed
[2019-03-03T00:14:00.003Z] [lib/backbone] CandleAnalyzed
[2019-03-03T00:14:00.003Z] [lib/backbone] OpenLong
[2019-03-03T00:14:00.003Z] [lib/backbone] TradeContract
[2019-03-03T00:14:00.003Z] [broker/bitmex] max amount of jobs
[2019-03-03T00:15:00.002Z] [lib/backbone] CandleClosed
[2019-03-03T00:15:00.003Z] [lib/backbone] CandleAnalyzed
[2019-03-03T00:15:00.003Z] [lib/backbone] OpenLong
[2019-03-03T00:15:00.003Z] [lib/backbone] TradeContract
[2019-03-03T00:15:00.003Z] [broker/bitmex] max amount of jobs
[2019-03-03T00:16:00.002Z] [lib/backbone] CandleClosed
[2019-03-03T00:16:00.002Z] [lib/backbone] CandleAnalyzed
[2019-03-03T00:16:00.003Z] [lib/backbone] OpenLong
[2019-03-03T00:16:00.003Z] [lib/backbone] TradeContract
[2019-03-03T00:16:00.003Z] [broker/bitmex] max amount of jobs
[2019-03-03T00:16:01.004Z] [lib/orders] @@@@@@@@@@@@@@@@@@@@@@@@@@@@@@@@@@@@@@@@@@@@@@@@@@@@@@@
[2019-03-03T00:16:01.004Z] [lib/orders] amend ag-t6omskot-tp
[2019-03-03T00:16:01.004Z] [lib/orders] params { price: 3808.5 }
[2019-03-03T00:16:01.004Z] [lib/orders] @@@@@@@@@@@@@@@@@@@@@@@@@@@@@@@@@@@@@@@@@@@@@@@@@@@@@@@
[2019-03-03T00:16:01.004Z] [lib/https] PUT https://testnet.bitmex.com/api/v1/order
[2019-03-03T00:16:02.309Z] [lib/backbone] OrderAmended
[2019-03-03T00:17:00.002Z] [lib/backbone] CandleClosed
[2019-03-03T00:17:00.002Z] [lib/backbone] CandleAnalyzed
[2019-03-03T00:17:00.003Z] [lib/backbone] OpenLong
[2019-03-03T00:17:00.003Z] [lib/backbone] TradeContract
[2019-03-03T00:17:00.003Z] [broker/bitmex] max amount of jobs
[2019-03-03T00:17:01.001Z] [lib/orders] @@@@@@@@@@@@@@@@@@@@@@@@@@@@@@@@@@@@@@@@@@@@@@@@@@@@@@@
[2019-03-03T00:17:01.001Z] [lib/orders] amend ag-t6omskot-tp
[2019-03-03T00:17:01.001Z] [lib/orders] params { price: 3808 }
[2019-03-03T00:17:01.001Z] [lib/orders] @@@@@@@@@@@@@@@@@@@@@@@@@@@@@@@@@@@@@@@@@@@@@@@@@@@@@@@
[2019-03-03T00:17:01.001Z] [lib/https] PUT https://testnet.bitmex.com/api/v1/order
[2019-03-03T00:17:05.354Z] [lib/backbone] OrderAmended
[2019-03-03T00:18:00.002Z] [lib/backbone] CandleClosed
[2019-03-03T00:18:00.002Z] [lib/backbone] CandleAnalyzed
[2019-03-03T00:18:00.002Z] [lib/backbone] OpenLong
[2019-03-03T00:18:00.002Z] [lib/backbone] TradeContract
[2019-03-03T00:18:00.002Z] [broker/bitmex] max amount of jobs
[2019-03-03T00:19:00.004Z] [lib/backbone] CandleClosed
[2019-03-03T00:19:00.005Z] [lib/backbone] CandleAnalyzed
[2019-03-03T00:19:00.005Z] [lib/backbone] OpenLong
[2019-03-03T00:19:00.005Z] [lib/backbone] TradeContract
[2019-03-03T00:19:00.005Z] [broker/bitmex] max amount of jobs
[2019-03-03T00:19:01.003Z] [lib/orders] @@@@@@@@@@@@@@@@@@@@@@@@@@@@@@@@@@@@@@@@@@@@@@@@@@@@@@@
[2019-03-03T00:19:01.004Z] [lib/orders] amend ag-t6omskot-tp
[2019-03-03T00:19:01.004Z] [lib/orders] params { price: 3807.5 }
[2019-03-03T00:19:01.004Z] [lib/orders] @@@@@@@@@@@@@@@@@@@@@@@@@@@@@@@@@@@@@@@@@@@@@@@@@@@@@@@
[2019-03-03T00:19:01.004Z] [lib/https] PUT https://testnet.bitmex.com/api/v1/order
[2019-03-03T00:19:04.046Z] [lib/backbone] OrderAmended
[2019-03-03T00:20:00.004Z] [lib/backbone] CandleClosed
[2019-03-03T00:20:00.004Z] [lib/backbone] CandleAnalyzed
[2019-03-03T00:20:00.004Z] [lib/backbone] OpenLong
[2019-03-03T00:20:00.004Z] [lib/backbone] TradeContract
[2019-03-03T00:20:00.004Z] [broker/bitmex] max amount of jobs
[2019-03-03T00:20:01.001Z] [lib/orders] @@@@@@@@@@@@@@@@@@@@@@@@@@@@@@@@@@@@@@@@@@@@@@@@@@@@@@@
[2019-03-03T00:20:01.001Z] [lib/orders] amend ag-t6omskot-tp
[2019-03-03T00:20:01.001Z] [lib/orders] params { price: 3807 }
[2019-03-03T00:20:01.001Z] [lib/orders] @@@@@@@@@@@@@@@@@@@@@@@@@@@@@@@@@@@@@@@@@@@@@@@@@@@@@@@
[2019-03-03T00:20:01.001Z] [lib/https] PUT https://testnet.bitmex.com/api/v1/order
[2019-03-03T00:20:05.688Z] [lib/backbone] OrderAmended
[2019-03-03T00:21:00.002Z] [lib/backbone] CandleClosed
[2019-03-03T00:21:00.003Z] [lib/backbone] CandleAnalyzed
[2019-03-03T00:21:00.003Z] [lib/backbone] OpenLong
[2019-03-03T00:21:00.003Z] [lib/backbone] TradeContract
[2019-03-03T00:21:00.003Z] [broker/bitmex] max amount of jobs
[2019-03-03T00:21:01.005Z] [lib/orders] @@@@@@@@@@@@@@@@@@@@@@@@@@@@@@@@@@@@@@@@@@@@@@@@@@@@@@@
[2019-03-03T00:21:01.006Z] [lib/orders] amend ag-t6omskot-tp
[2019-03-03T00:21:01.006Z] [lib/orders] params { price: 3806.5 }
[2019-03-03T00:21:01.006Z] [lib/orders] @@@@@@@@@@@@@@@@@@@@@@@@@@@@@@@@@@@@@@@@@@@@@@@@@@@@@@@
[2019-03-03T00:21:01.006Z] [lib/https] PUT https://testnet.bitmex.com/api/v1/order
[2019-03-03T00:21:02.551Z] [lib/backbone] OrderAmended
[2019-03-03T00:22:00.002Z] [lib/backbone] CandleClosed
[2019-03-03T00:22:00.007Z] [lib/backbone] CandleAnalyzed
[2019-03-03T00:22:00.007Z] [lib/backbone] OpenLong
[2019-03-03T00:22:00.007Z] [lib/backbone] TradeContract
[2019-03-03T00:22:00.007Z] [broker/bitmex] max amount of jobs
[2019-03-03T00:22:01.006Z] [lib/orders] @@@@@@@@@@@@@@@@@@@@@@@@@@@@@@@@@@@@@@@@@@@@@@@@@@@@@@@
[2019-03-03T00:22:01.006Z] [lib/orders] amend ag-t6omskot-tp
[2019-03-03T00:22:01.006Z] [lib/orders] params { price: 3806 }
[2019-03-03T00:22:01.006Z] [lib/orders] @@@@@@@@@@@@@@@@@@@@@@@@@@@@@@@@@@@@@@@@@@@@@@@@@@@@@@@
[2019-03-03T00:22:01.006Z] [lib/https] PUT https://testnet.bitmex.com/api/v1/order
[2019-03-03T00:22:02.134Z] [lib/backbone] OrderAmended
[2019-03-03T00:23:00.003Z] [lib/backbone] CandleClosed
[2019-03-03T00:23:00.003Z] [lib/backbone] CandleAnalyzed
[2019-03-03T00:23:00.003Z] [lib/backbone] OpenLong
[2019-03-03T00:23:00.003Z] [lib/backbone] TradeContract
[2019-03-03T00:23:00.004Z] [broker/bitmex] max amount of jobs
[2019-03-03T00:23:01.000Z] [lib/orders] @@@@@@@@@@@@@@@@@@@@@@@@@@@@@@@@@@@@@@@@@@@@@@@@@@@@@@@
[2019-03-03T00:23:01.000Z] [lib/orders] amend ag-t6omskot-tp
[2019-03-03T00:23:01.000Z] [lib/orders] params { price: 3805.5 }
[2019-03-03T00:23:01.000Z] [lib/orders] @@@@@@@@@@@@@@@@@@@@@@@@@@@@@@@@@@@@@@@@@@@@@@@@@@@@@@@
[2019-03-03T00:23:01.001Z] [lib/https] PUT https://testnet.bitmex.com/api/v1/order
[2019-03-03T00:23:02.841Z] [lib/backbone] OrderAmended
[2019-03-03T00:24:00.004Z] [lib/backbone] CandleClosed
[2019-03-03T00:24:00.004Z] [lib/backbone] CandleAnalyzed
[2019-03-03T00:24:00.004Z] [lib/backbone] OpenLong
[2019-03-03T00:24:00.004Z] [lib/backbone] TradeContract
[2019-03-03T00:24:00.004Z] [broker/bitmex] max amount of jobs
[2019-03-03T00:24:01.003Z] [lib/orders] @@@@@@@@@@@@@@@@@@@@@@@@@@@@@@@@@@@@@@@@@@@@@@@@@@@@@@@
[2019-03-03T00:24:01.004Z] [lib/orders] amend ag-t6omskot-tp
[2019-03-03T00:24:01.004Z] [lib/orders] params { price: 3805 }
[2019-03-03T00:24:01.004Z] [lib/orders] @@@@@@@@@@@@@@@@@@@@@@@@@@@@@@@@@@@@@@@@@@@@@@@@@@@@@@@
[2019-03-03T00:24:01.004Z] [lib/https] PUT https://testnet.bitmex.com/api/v1/order
[2019-03-03T00:24:05.373Z] [lib/backbone] OrderAmended
[2019-03-03T00:25:00.002Z] [lib/backbone] CandleClosed
[2019-03-03T00:25:00.002Z] [lib/backbone] CandleAnalyzed
[2019-03-03T00:25:00.002Z] [lib/backbone] OpenLong
[2019-03-03T00:25:00.002Z] [lib/backbone] TradeContract
[2019-03-03T00:25:00.002Z] [broker/bitmex] max amount of jobs
[2019-03-03T00:25:01.001Z] [lib/orders] @@@@@@@@@@@@@@@@@@@@@@@@@@@@@@@@@@@@@@@@@@@@@@@@@@@@@@@
[2019-03-03T00:25:01.001Z] [lib/orders] amend ag-t6omskot-tp
[2019-03-03T00:25:01.001Z] [lib/orders] params { price: 3804.5 }
[2019-03-03T00:25:01.002Z] [lib/orders] @@@@@@@@@@@@@@@@@@@@@@@@@@@@@@@@@@@@@@@@@@@@@@@@@@@@@@@
[2019-03-03T00:25:01.002Z] [lib/https] PUT https://testnet.bitmex.com/api/v1/order
[2019-03-03T00:25:08.159Z] [lib/backbone] OrderAmended
[2019-03-03T00:26:00.005Z] [lib/backbone] CandleClosed
[2019-03-03T00:26:00.005Z] [lib/backbone] CandleAnalyzed
[2019-03-03T00:26:00.005Z] [lib/backbone] OpenLong
[2019-03-03T00:26:00.005Z] [lib/backbone] TradeContract
[2019-03-03T00:26:00.005Z] [broker/bitmex] max amount of jobs
[2019-03-03T00:26:01.004Z] [lib/orders] @@@@@@@@@@@@@@@@@@@@@@@@@@@@@@@@@@@@@@@@@@@@@@@@@@@@@@@
[2019-03-03T00:26:01.004Z] [lib/orders] amend ag-t6omskot-tp
[2019-03-03T00:26:01.005Z] [lib/orders] params { price: 3804 }
[2019-03-03T00:26:01.005Z] [lib/orders] @@@@@@@@@@@@@@@@@@@@@@@@@@@@@@@@@@@@@@@@@@@@@@@@@@@@@@@
[2019-03-03T00:26:01.005Z] [lib/https] PUT https://testnet.bitmex.com/api/v1/order
[2019-03-03T00:26:05.770Z] [lib/backbone] OrderAmended
[2019-03-03T00:27:00.002Z] [lib/backbone] CandleClosed
[2019-03-03T00:27:00.002Z] [lib/backbone] CandleAnalyzed
[2019-03-03T00:27:00.003Z] [lib/backbone] OpenLong
[2019-03-03T00:27:00.003Z] [lib/backbone] TradeContract
[2019-03-03T00:27:00.003Z] [broker/bitmex] max amount of jobs
[2019-03-03T00:27:01.003Z] [lib/orders] @@@@@@@@@@@@@@@@@@@@@@@@@@@@@@@@@@@@@@@@@@@@@@@@@@@@@@@
[2019-03-03T00:27:01.003Z] [lib/orders] amend ag-t6omskot-tp
[2019-03-03T00:27:01.003Z] [lib/orders] params { price: 3803 }
[2019-03-03T00:27:01.003Z] [lib/orders] @@@@@@@@@@@@@@@@@@@@@@@@@@@@@@@@@@@@@@@@@@@@@@@@@@@@@@@
[2019-03-03T00:27:01.003Z] [lib/https] PUT https://testnet.bitmex.com/api/v1/order
[2019-03-03T00:27:03.010Z] [lib/backbone] OrderAmended
[2019-03-03T00:28:00.003Z] [lib/backbone] CandleClosed
[2019-03-03T00:28:00.003Z] [lib/backbone] CandleAnalyzed
[2019-03-03T00:28:00.003Z] [lib/backbone] OpenLong
[2019-03-03T00:28:00.003Z] [lib/backbone] TradeContract
[2019-03-03T00:28:00.004Z] [broker/bitmex] max amount of jobs
[2019-03-03T00:28:01.004Z] [lib/orders] @@@@@@@@@@@@@@@@@@@@@@@@@@@@@@@@@@@@@@@@@@@@@@@@@@@@@@@
[2019-03-03T00:28:01.005Z] [lib/orders] amend ag-t6omskot-tp
[2019-03-03T00:28:01.005Z] [lib/orders] params { price: 3802.5 }
[2019-03-03T00:28:01.005Z] [lib/orders] @@@@@@@@@@@@@@@@@@@@@@@@@@@@@@@@@@@@@@@@@@@@@@@@@@@@@@@
[2019-03-03T00:28:01.005Z] [lib/https] PUT https://testnet.bitmex.com/api/v1/order
[2019-03-03T00:28:02.911Z] [lib/backbone] OrderAmended
[2019-03-03T00:29:00.001Z] [lib/backbone] CandleClosed
[2019-03-03T00:29:00.001Z] [lib/backbone] CandleAnalyzed
[2019-03-03T00:29:00.001Z] [lib/backbone] OpenLong
[2019-03-03T00:29:00.001Z] [lib/backbone] TradeContract
[2019-03-03T00:29:00.001Z] [broker/bitmex] max amount of jobs
[2019-03-03T00:29:01.003Z] [lib/orders] @@@@@@@@@@@@@@@@@@@@@@@@@@@@@@@@@@@@@@@@@@@@@@@@@@@@@@@
[2019-03-03T00:29:01.004Z] [lib/orders] amend ag-t6omskot-tp
[2019-03-03T00:29:01.004Z] [lib/orders] params { price: 3802 }
[2019-03-03T00:29:01.004Z] [lib/orders] @@@@@@@@@@@@@@@@@@@@@@@@@@@@@@@@@@@@@@@@@@@@@@@@@@@@@@@
[2019-03-03T00:29:01.005Z] [lib/https] PUT https://testnet.bitmex.com/api/v1/order
[2019-03-03T00:29:06.315Z] [lib/backbone] OrderAmended
[2019-03-03T00:29:10.006Z] [lib/https] DELETE https://testnet.bitmex.com/api/v1/order/all
[2019-03-03T00:30:00.005Z] [lib/backbone] CandleClosed
[2019-03-03T00:30:00.006Z] [lib/backbone] CandleAnalyzed
[2019-03-03T00:30:00.006Z] [lib/backbone] OpenShort
[2019-03-03T00:30:00.006Z] [lib/backbone] TradeContract
[2019-03-03T00:30:00.006Z] [lib/orders] @@@@@@@@@@@@@@@@@@@@@@@@@@@@@@@@@@@@@@@@@@@@@@@@@@@@@@@
[2019-03-03T00:30:00.006Z] [lib/orders] create ag-xzxpxons-lm
[2019-03-03T00:30:00.006Z] [lib/orders] params { ordType: 'Limit',
  execInst: 'ParticipateDoNotInitiate',
  price: 3806 }
[2019-03-03T00:30:00.006Z] [lib/orders] @@@@@@@@@@@@@@@@@@@@@@@@@@@@@@@@@@@@@@@@@@@@@@@@@@@@@@@
[2019-03-03T00:30:00.007Z] [lib/https] POST https://testnet.bitmex.com/api/v1/order
[2019-03-03T00:30:01.772Z] [lib/backbone] OrderPlaced
[2019-03-03T00:31:00.003Z] [lib/backbone] CandleClosed
[2019-03-03T00:31:00.003Z] [lib/backbone] CandleAnalyzed
[2019-03-03T00:31:00.003Z] [lib/backbone] OpenShort
[2019-03-03T00:31:00.003Z] [lib/backbone] TradeContract
[2019-03-03T00:31:00.003Z] [broker/bitmex] max amount of jobs
[2019-03-03T00:32:00.002Z] [lib/backbone] CandleClosed
[2019-03-03T00:32:00.002Z] [lib/backbone] CandleAnalyzed
[2019-03-03T00:32:00.003Z] [lib/backbone] OpenShort
[2019-03-03T00:32:00.003Z] [lib/backbone] TradeContract
[2019-03-03T00:32:00.003Z] [broker/bitmex] max amount of jobs
[2019-03-03T00:32:21.002Z] [lib/orders] @@@@@@@@@@@@@@@@@@@@@@@@@@@@@@@@@@@@@@@@@@@@@@@@@@@@@@@
[2019-03-03T00:32:21.002Z] [lib/orders] amend ag-xzxpxons-lm
[2019-03-03T00:32:21.002Z] [lib/orders] params { price: 3805.5 }
[2019-03-03T00:32:21.002Z] [lib/orders] @@@@@@@@@@@@@@@@@@@@@@@@@@@@@@@@@@@@@@@@@@@@@@@@@@@@@@@
[2019-03-03T00:32:21.002Z] [lib/https] PUT https://testnet.bitmex.com/api/v1/order
[2019-03-03T00:32:22.455Z] [lib/backbone] OrderAmended
[2019-03-03T00:32:23.002Z] [lib/orders] @@@@@@@@@@@@@@@@@@@@@@@@@@@@@@@@@@@@@@@@@@@@@@@@@@@@@@@
[2019-03-03T00:32:23.002Z] [lib/orders] amend ag-xzxpxons-lm
[2019-03-03T00:32:23.002Z] [lib/orders] params { price: 3805 }
[2019-03-03T00:32:23.002Z] [lib/orders] @@@@@@@@@@@@@@@@@@@@@@@@@@@@@@@@@@@@@@@@@@@@@@@@@@@@@@@
[2019-03-03T00:32:23.002Z] [lib/https] PUT https://testnet.bitmex.com/api/v1/order
[2019-03-03T00:32:23.989Z] [lib/backbone] OrderAmended
[2019-03-03T00:32:24.000Z] [lib/orders] @@@@@@@@@@@@@@@@@@@@@@@@@@@@@@@@@@@@@@@@@@@@@@@@@@@@@@@
[2019-03-03T00:32:24.000Z] [lib/orders] amend ag-xzxpxons-lm
[2019-03-03T00:32:24.000Z] [lib/orders] params { price: 3804.5 }
[2019-03-03T00:32:24.000Z] [lib/orders] @@@@@@@@@@@@@@@@@@@@@@@@@@@@@@@@@@@@@@@@@@@@@@@@@@@@@@@
[2019-03-03T00:32:24.001Z] [lib/https] PUT https://testnet.bitmex.com/api/v1/order
[2019-03-03T00:32:25.202Z] [lib/backbone] OrderAmended
[2019-03-03T00:32:26.002Z] [lib/orders] @@@@@@@@@@@@@@@@@@@@@@@@@@@@@@@@@@@@@@@@@@@@@@@@@@@@@@@
[2019-03-03T00:32:26.002Z] [lib/orders] amend ag-xzxpxons-lm
[2019-03-03T00:32:26.002Z] [lib/orders] params { price: 3804.5 }
[2019-03-03T00:32:26.002Z] [lib/orders] @@@@@@@@@@@@@@@@@@@@@@@@@@@@@@@@@@@@@@@@@@@@@@@@@@@@@@@
[2019-03-03T00:32:26.002Z] [lib/https] PUT https://testnet.bitmex.com/api/v1/order
[2019-03-03T00:32:27.000Z] [lib/backbone] OrderAmended
[2019-03-03T00:32:28.003Z] [lib/orders] @@@@@@@@@@@@@@@@@@@@@@@@@@@@@@@@@@@@@@@@@@@@@@@@@@@@@@@
[2019-03-03T00:32:28.003Z] [lib/orders] amend ag-xzxpxons-lm
[2019-03-03T00:32:28.003Z] [lib/orders] params { price: 3804.5 }
[2019-03-03T00:32:28.003Z] [lib/orders] @@@@@@@@@@@@@@@@@@@@@@@@@@@@@@@@@@@@@@@@@@@@@@@@@@@@@@@
[2019-03-03T00:32:28.003Z] [lib/https] PUT https://testnet.bitmex.com/api/v1/order
[2019-03-03T00:32:29.029Z] [lib/backbone] OrderAmended
[2019-03-03T00:32:30.002Z] [lib/orders] @@@@@@@@@@@@@@@@@@@@@@@@@@@@@@@@@@@@@@@@@@@@@@@@@@@@@@@
[2019-03-03T00:32:30.002Z] [lib/orders] amend ag-xzxpxons-lm
[2019-03-03T00:32:30.002Z] [lib/orders] params { price: 3804.5 }
[2019-03-03T00:32:30.002Z] [lib/orders] @@@@@@@@@@@@@@@@@@@@@@@@@@@@@@@@@@@@@@@@@@@@@@@@@@@@@@@
[2019-03-03T00:32:30.003Z] [lib/https] PUT https://testnet.bitmex.com/api/v1/order
[2019-03-03T00:32:30.906Z] [lib/backbone] OrderAmended
[2019-03-03T00:32:31.004Z] [lib/orders] @@@@@@@@@@@@@@@@@@@@@@@@@@@@@@@@@@@@@@@@@@@@@@@@@@@@@@@
[2019-03-03T00:32:31.004Z] [lib/orders] amend ag-xzxpxons-lm
[2019-03-03T00:32:31.004Z] [lib/orders] params { price: 3804.5 }
[2019-03-03T00:32:31.004Z] [lib/orders] @@@@@@@@@@@@@@@@@@@@@@@@@@@@@@@@@@@@@@@@@@@@@@@@@@@@@@@
[2019-03-03T00:32:31.004Z] [lib/https] PUT https://testnet.bitmex.com/api/v1/order
[2019-03-03T00:32:31.952Z] [lib/backbone] OrderAmended
[2019-03-03T00:32:32.001Z] [lib/orders] @@@@@@@@@@@@@@@@@@@@@@@@@@@@@@@@@@@@@@@@@@@@@@@@@@@@@@@
[2019-03-03T00:32:32.001Z] [lib/orders] amend ag-xzxpxons-lm
[2019-03-03T00:32:32.001Z] [lib/orders] params { price: 3804.5 }
[2019-03-03T00:32:32.001Z] [lib/orders] @@@@@@@@@@@@@@@@@@@@@@@@@@@@@@@@@@@@@@@@@@@@@@@@@@@@@@@
[2019-03-03T00:32:32.001Z] [lib/https] PUT https://testnet.bitmex.com/api/v1/order
[2019-03-03T00:32:33.004Z] [lib/backbone] OrderAmended
[2019-03-03T00:32:34.001Z] [lib/orders] @@@@@@@@@@@@@@@@@@@@@@@@@@@@@@@@@@@@@@@@@@@@@@@@@@@@@@@
[2019-03-03T00:32:34.001Z] [lib/orders] amend ag-xzxpxons-lm
[2019-03-03T00:32:34.001Z] [lib/orders] params { price: 3804.5 }
[2019-03-03T00:32:34.001Z] [lib/orders] @@@@@@@@@@@@@@@@@@@@@@@@@@@@@@@@@@@@@@@@@@@@@@@@@@@@@@@
[2019-03-03T00:32:34.001Z] [lib/https] PUT https://testnet.bitmex.com/api/v1/order
[2019-03-03T00:32:35.163Z] [lib/backbone] OrderAmended
[2019-03-03T00:32:36.003Z] [lib/orders] @@@@@@@@@@@@@@@@@@@@@@@@@@@@@@@@@@@@@@@@@@@@@@@@@@@@@@@
[2019-03-03T00:32:36.003Z] [lib/orders] amend ag-xzxpxons-lm
[2019-03-03T00:32:36.004Z] [lib/orders] params { price: 3804.5 }
[2019-03-03T00:32:36.004Z] [lib/orders] @@@@@@@@@@@@@@@@@@@@@@@@@@@@@@@@@@@@@@@@@@@@@@@@@@@@@@@
[2019-03-03T00:32:36.004Z] [lib/https] PUT https://testnet.bitmex.com/api/v1/order
[2019-03-03T00:32:36.904Z] [lib/backbone] OrderAmended
[2019-03-03T00:32:37.005Z] [lib/orders] @@@@@@@@@@@@@@@@@@@@@@@@@@@@@@@@@@@@@@@@@@@@@@@@@@@@@@@
[2019-03-03T00:32:37.005Z] [lib/orders] amend ag-xzxpxons-lm
[2019-03-03T00:32:37.005Z] [lib/orders] params { price: 3804.5 }
[2019-03-03T00:32:37.005Z] [lib/orders] @@@@@@@@@@@@@@@@@@@@@@@@@@@@@@@@@@@@@@@@@@@@@@@@@@@@@@@
[2019-03-03T00:32:37.005Z] [lib/https] PUT https://testnet.bitmex.com/api/v1/order
[2019-03-03T00:32:37.964Z] [lib/backbone] OrderAmended
[2019-03-03T00:32:38.003Z] [lib/orders] @@@@@@@@@@@@@@@@@@@@@@@@@@@@@@@@@@@@@@@@@@@@@@@@@@@@@@@
[2019-03-03T00:32:38.003Z] [lib/orders] amend ag-xzxpxons-lm
[2019-03-03T00:32:38.003Z] [lib/orders] params { price: 3804.5 }
[2019-03-03T00:32:38.004Z] [lib/orders] @@@@@@@@@@@@@@@@@@@@@@@@@@@@@@@@@@@@@@@@@@@@@@@@@@@@@@@
[2019-03-03T00:32:38.004Z] [lib/https] PUT https://testnet.bitmex.com/api/v1/order
[2019-03-03T00:32:38.966Z] [lib/backbone] OrderAmended
[2019-03-03T00:32:39.000Z] [lib/orders] @@@@@@@@@@@@@@@@@@@@@@@@@@@@@@@@@@@@@@@@@@@@@@@@@@@@@@@
[2019-03-03T00:32:39.001Z] [lib/orders] amend ag-xzxpxons-lm
[2019-03-03T00:32:39.001Z] [lib/orders] params { price: 3804.5 }
[2019-03-03T00:32:39.001Z] [lib/orders] @@@@@@@@@@@@@@@@@@@@@@@@@@@@@@@@@@@@@@@@@@@@@@@@@@@@@@@
[2019-03-03T00:32:39.001Z] [lib/https] PUT https://testnet.bitmex.com/api/v1/order
[2019-03-03T00:32:39.974Z] [lib/backbone] OrderAmended
[2019-03-03T00:32:40.002Z] [lib/orders] @@@@@@@@@@@@@@@@@@@@@@@@@@@@@@@@@@@@@@@@@@@@@@@@@@@@@@@
[2019-03-03T00:32:40.002Z] [lib/orders] amend ag-xzxpxons-lm
[2019-03-03T00:32:40.002Z] [lib/orders] params { price: 3804.5 }
[2019-03-03T00:32:40.003Z] [lib/orders] @@@@@@@@@@@@@@@@@@@@@@@@@@@@@@@@@@@@@@@@@@@@@@@@@@@@@@@
[2019-03-03T00:32:40.003Z] [lib/https] PUT https://testnet.bitmex.com/api/v1/order
[2019-03-03T00:32:40.999Z] [lib/backbone] OrderAmended
[2019-03-03T00:32:41.000Z] [lib/orders] @@@@@@@@@@@@@@@@@@@@@@@@@@@@@@@@@@@@@@@@@@@@@@@@@@@@@@@
[2019-03-03T00:32:41.000Z] [lib/orders] amend ag-xzxpxons-lm
[2019-03-03T00:32:41.000Z] [lib/orders] params { price: 3804.5 }
[2019-03-03T00:32:41.000Z] [lib/orders] @@@@@@@@@@@@@@@@@@@@@@@@@@@@@@@@@@@@@@@@@@@@@@@@@@@@@@@
[2019-03-03T00:32:41.000Z] [lib/https] PUT https://testnet.bitmex.com/api/v1/order
[2019-03-03T00:32:42.029Z] [lib/backbone] OrderAmended
[2019-03-03T00:32:43.003Z] [lib/orders] @@@@@@@@@@@@@@@@@@@@@@@@@@@@@@@@@@@@@@@@@@@@@@@@@@@@@@@
[2019-03-03T00:32:43.003Z] [lib/orders] amend ag-xzxpxons-lm
[2019-03-03T00:32:43.003Z] [lib/orders] params { price: 3804.5 }
[2019-03-03T00:32:43.003Z] [lib/orders] @@@@@@@@@@@@@@@@@@@@@@@@@@@@@@@@@@@@@@@@@@@@@@@@@@@@@@@
[2019-03-03T00:32:43.004Z] [lib/https] PUT https://testnet.bitmex.com/api/v1/order
[2019-03-03T00:32:43.952Z] [lib/backbone] OrderAmended
[2019-03-03T00:32:44.001Z] [lib/orders] @@@@@@@@@@@@@@@@@@@@@@@@@@@@@@@@@@@@@@@@@@@@@@@@@@@@@@@
[2019-03-03T00:32:44.001Z] [lib/orders] amend ag-xzxpxons-lm
[2019-03-03T00:32:44.001Z] [lib/orders] params { price: 3804.5 }
[2019-03-03T00:32:44.001Z] [lib/orders] @@@@@@@@@@@@@@@@@@@@@@@@@@@@@@@@@@@@@@@@@@@@@@@@@@@@@@@
[2019-03-03T00:32:44.002Z] [lib/https] PUT https://testnet.bitmex.com/api/v1/order
[2019-03-03T00:32:45.188Z] [lib/backbone] OrderAmended
[2019-03-03T00:32:46.005Z] [lib/orders] @@@@@@@@@@@@@@@@@@@@@@@@@@@@@@@@@@@@@@@@@@@@@@@@@@@@@@@
[2019-03-03T00:32:46.005Z] [lib/orders] amend ag-xzxpxons-lm
[2019-03-03T00:32:46.005Z] [lib/orders] params { price: 3804.5 }
[2019-03-03T00:32:46.005Z] [lib/orders] @@@@@@@@@@@@@@@@@@@@@@@@@@@@@@@@@@@@@@@@@@@@@@@@@@@@@@@
[2019-03-03T00:32:46.006Z] [lib/https] PUT https://testnet.bitmex.com/api/v1/order
[2019-03-03T00:32:46.936Z] [lib/backbone] OrderAmended
[2019-03-03T00:32:47.005Z] [lib/orders] @@@@@@@@@@@@@@@@@@@@@@@@@@@@@@@@@@@@@@@@@@@@@@@@@@@@@@@
[2019-03-03T00:32:47.005Z] [lib/orders] amend ag-xzxpxons-lm
[2019-03-03T00:32:47.005Z] [lib/orders] params { price: 3804.5 }
[2019-03-03T00:32:47.005Z] [lib/orders] @@@@@@@@@@@@@@@@@@@@@@@@@@@@@@@@@@@@@@@@@@@@@@@@@@@@@@@
[2019-03-03T00:32:47.005Z] [lib/https] PUT https://testnet.bitmex.com/api/v1/order
[2019-03-03T00:32:47.953Z] [lib/backbone] OrderAmended
[2019-03-03T00:32:48.003Z] [lib/orders] @@@@@@@@@@@@@@@@@@@@@@@@@@@@@@@@@@@@@@@@@@@@@@@@@@@@@@@
[2019-03-03T00:32:48.003Z] [lib/orders] amend ag-xzxpxons-lm
[2019-03-03T00:32:48.003Z] [lib/orders] params { price: 3804.5 }
[2019-03-03T00:32:48.003Z] [lib/orders] @@@@@@@@@@@@@@@@@@@@@@@@@@@@@@@@@@@@@@@@@@@@@@@@@@@@@@@
[2019-03-03T00:32:48.003Z] [lib/https] PUT https://testnet.bitmex.com/api/v1/order
[2019-03-03T00:32:48.983Z] [lib/backbone] OrderAmended
[2019-03-03T00:32:49.005Z] [lib/orders] @@@@@@@@@@@@@@@@@@@@@@@@@@@@@@@@@@@@@@@@@@@@@@@@@@@@@@@
[2019-03-03T00:32:49.005Z] [lib/orders] amend ag-xzxpxons-lm
[2019-03-03T00:32:49.005Z] [lib/orders] params { price: 3804.5 }
[2019-03-03T00:32:49.005Z] [lib/orders] @@@@@@@@@@@@@@@@@@@@@@@@@@@@@@@@@@@@@@@@@@@@@@@@@@@@@@@
[2019-03-03T00:32:49.006Z] [lib/https] PUT https://testnet.bitmex.com/api/v1/order
[2019-03-03T00:32:50.126Z] [lib/backbone] OrderAmended
[2019-03-03T00:32:51.003Z] [lib/orders] @@@@@@@@@@@@@@@@@@@@@@@@@@@@@@@@@@@@@@@@@@@@@@@@@@@@@@@
[2019-03-03T00:32:51.003Z] [lib/orders] amend ag-xzxpxons-lm
[2019-03-03T00:32:51.003Z] [lib/orders] params { price: 3804.5 }
[2019-03-03T00:32:51.003Z] [lib/orders] @@@@@@@@@@@@@@@@@@@@@@@@@@@@@@@@@@@@@@@@@@@@@@@@@@@@@@@
[2019-03-03T00:32:51.003Z] [lib/https] PUT https://testnet.bitmex.com/api/v1/order
[2019-03-03T00:32:52.012Z] [lib/backbone] OrderAmended
[2019-03-03T00:32:53.001Z] [lib/orders] @@@@@@@@@@@@@@@@@@@@@@@@@@@@@@@@@@@@@@@@@@@@@@@@@@@@@@@
[2019-03-03T00:32:53.001Z] [lib/orders] amend ag-xzxpxons-lm
[2019-03-03T00:32:53.001Z] [lib/orders] params { price: 3804.5 }
[2019-03-03T00:32:53.001Z] [lib/orders] @@@@@@@@@@@@@@@@@@@@@@@@@@@@@@@@@@@@@@@@@@@@@@@@@@@@@@@
[2019-03-03T00:32:53.001Z] [lib/https] PUT https://testnet.bitmex.com/api/v1/order
[2019-03-03T00:32:54.128Z] [lib/backbone] OrderAmended
[2019-03-03T00:32:55.003Z] [lib/orders] @@@@@@@@@@@@@@@@@@@@@@@@@@@@@@@@@@@@@@@@@@@@@@@@@@@@@@@
[2019-03-03T00:32:55.003Z] [lib/orders] amend ag-xzxpxons-lm
[2019-03-03T00:32:55.003Z] [lib/orders] params { price: 3804.5 }
[2019-03-03T00:32:55.003Z] [lib/orders] @@@@@@@@@@@@@@@@@@@@@@@@@@@@@@@@@@@@@@@@@@@@@@@@@@@@@@@
[2019-03-03T00:32:55.004Z] [lib/https] PUT https://testnet.bitmex.com/api/v1/order
[2019-03-03T00:32:56.214Z] [lib/backbone] OrderAmended
[2019-03-03T00:32:57.004Z] [lib/orders] @@@@@@@@@@@@@@@@@@@@@@@@@@@@@@@@@@@@@@@@@@@@@@@@@@@@@@@
[2019-03-03T00:32:57.004Z] [lib/orders] amend ag-xzxpxons-lm
[2019-03-03T00:32:57.004Z] [lib/orders] params { price: 3804.5 }
[2019-03-03T00:32:57.004Z] [lib/orders] @@@@@@@@@@@@@@@@@@@@@@@@@@@@@@@@@@@@@@@@@@@@@@@@@@@@@@@
[2019-03-03T00:32:57.004Z] [lib/https] PUT https://testnet.bitmex.com/api/v1/order
[2019-03-03T00:32:58.399Z] [lib/backbone] OrderAmended
[2019-03-03T00:32:59.004Z] [lib/orders] @@@@@@@@@@@@@@@@@@@@@@@@@@@@@@@@@@@@@@@@@@@@@@@@@@@@@@@
[2019-03-03T00:32:59.004Z] [lib/orders] amend ag-xzxpxons-lm
[2019-03-03T00:32:59.004Z] [lib/orders] params { price: 3804.5 }
[2019-03-03T00:32:59.004Z] [lib/orders] @@@@@@@@@@@@@@@@@@@@@@@@@@@@@@@@@@@@@@@@@@@@@@@@@@@@@@@
[2019-03-03T00:32:59.004Z] [lib/https] PUT https://testnet.bitmex.com/api/v1/order
[2019-03-03T00:33:00.003Z] [lib/backbone] CandleClosed
[2019-03-03T00:33:00.004Z] [lib/backbone] CandleAnalyzed
[2019-03-03T00:33:00.005Z] [lib/backbone] OpenShort
[2019-03-03T00:33:00.005Z] [lib/backbone] TradeContract
[2019-03-03T00:33:00.005Z] [broker/bitmex] max amount of jobs
[2019-03-03T00:33:00.357Z] [lib/backbone] OrderAmended
[2019-03-03T00:33:01.005Z] [lib/orders] @@@@@@@@@@@@@@@@@@@@@@@@@@@@@@@@@@@@@@@@@@@@@@@@@@@@@@@
[2019-03-03T00:33:01.005Z] [lib/orders] amend ag-xzxpxons-lm
[2019-03-03T00:33:01.005Z] [lib/orders] params { price: 3804.5 }
[2019-03-03T00:33:01.005Z] [lib/orders] @@@@@@@@@@@@@@@@@@@@@@@@@@@@@@@@@@@@@@@@@@@@@@@@@@@@@@@
[2019-03-03T00:33:01.005Z] [lib/https] PUT https://testnet.bitmex.com/api/v1/order
[2019-03-03T00:33:03.454Z] [lib/backbone] OrderAmended
[2019-03-03T00:33:04.000Z] [lib/orders] @@@@@@@@@@@@@@@@@@@@@@@@@@@@@@@@@@@@@@@@@@@@@@@@@@@@@@@
[2019-03-03T00:33:04.001Z] [lib/orders] amend ag-xzxpxons-lm
[2019-03-03T00:33:04.001Z] [lib/orders] params { price: 3804.5 }
[2019-03-03T00:33:04.001Z] [lib/orders] @@@@@@@@@@@@@@@@@@@@@@@@@@@@@@@@@@@@@@@@@@@@@@@@@@@@@@@
[2019-03-03T00:33:04.001Z] [lib/https] PUT https://testnet.bitmex.com/api/v1/order
[2019-03-03T00:33:05.179Z] [lib/backbone] OrderAmended
[2019-03-03T00:33:06.002Z] [lib/orders] @@@@@@@@@@@@@@@@@@@@@@@@@@@@@@@@@@@@@@@@@@@@@@@@@@@@@@@
[2019-03-03T00:33:06.002Z] [lib/orders] amend ag-xzxpxons-lm
[2019-03-03T00:33:06.002Z] [lib/orders] params { price: 3804.5 }
[2019-03-03T00:33:06.002Z] [lib/orders] @@@@@@@@@@@@@@@@@@@@@@@@@@@@@@@@@@@@@@@@@@@@@@@@@@@@@@@
[2019-03-03T00:33:06.002Z] [lib/https] PUT https://testnet.bitmex.com/api/v1/order
[2019-03-03T00:33:07.014Z] [lib/backbone] OrderAmended
[2019-03-03T00:33:08.002Z] [lib/orders] @@@@@@@@@@@@@@@@@@@@@@@@@@@@@@@@@@@@@@@@@@@@@@@@@@@@@@@
[2019-03-03T00:33:08.003Z] [lib/orders] amend ag-xzxpxons-lm
[2019-03-03T00:33:08.003Z] [lib/orders] params { price: 3804.5 }
[2019-03-03T00:33:08.003Z] [lib/orders] @@@@@@@@@@@@@@@@@@@@@@@@@@@@@@@@@@@@@@@@@@@@@@@@@@@@@@@
[2019-03-03T00:33:08.003Z] [lib/https] PUT https://testnet.bitmex.com/api/v1/order
[2019-03-03T00:33:08.935Z] [lib/backbone] OrderAmended
[2019-03-03T00:33:09.002Z] [lib/orders] @@@@@@@@@@@@@@@@@@@@@@@@@@@@@@@@@@@@@@@@@@@@@@@@@@@@@@@
[2019-03-03T00:33:09.002Z] [lib/orders] amend ag-xzxpxons-lm
[2019-03-03T00:33:09.003Z] [lib/orders] params { price: 3804.5 }
[2019-03-03T00:33:09.003Z] [lib/orders] @@@@@@@@@@@@@@@@@@@@@@@@@@@@@@@@@@@@@@@@@@@@@@@@@@@@@@@
[2019-03-03T00:33:09.003Z] [lib/https] PUT https://testnet.bitmex.com/api/v1/order
[2019-03-03T00:33:10.026Z] [lib/backbone] OrderAmended
[2019-03-03T00:33:11.002Z] [lib/orders] @@@@@@@@@@@@@@@@@@@@@@@@@@@@@@@@@@@@@@@@@@@@@@@@@@@@@@@
[2019-03-03T00:33:11.003Z] [lib/orders] amend ag-xzxpxons-lm
[2019-03-03T00:33:11.003Z] [lib/orders] params { price: 3804.5 }
[2019-03-03T00:33:11.003Z] [lib/orders] @@@@@@@@@@@@@@@@@@@@@@@@@@@@@@@@@@@@@@@@@@@@@@@@@@@@@@@
[2019-03-03T00:33:11.003Z] [lib/https] PUT https://testnet.bitmex.com/api/v1/order
[2019-03-03T00:33:11.924Z] [lib/backbone] OrderAmended
[2019-03-03T00:33:12.002Z] [lib/orders] @@@@@@@@@@@@@@@@@@@@@@@@@@@@@@@@@@@@@@@@@@@@@@@@@@@@@@@
[2019-03-03T00:33:12.002Z] [lib/orders] amend ag-xzxpxons-lm
[2019-03-03T00:33:12.003Z] [lib/orders] params { price: 3804.5 }
[2019-03-03T00:33:12.003Z] [lib/orders] @@@@@@@@@@@@@@@@@@@@@@@@@@@@@@@@@@@@@@@@@@@@@@@@@@@@@@@
[2019-03-03T00:33:12.003Z] [lib/https] PUT https://testnet.bitmex.com/api/v1/order
[2019-03-03T00:33:12.904Z] [lib/backbone] OrderAmended
[2019-03-03T00:33:13.002Z] [lib/orders] @@@@@@@@@@@@@@@@@@@@@@@@@@@@@@@@@@@@@@@@@@@@@@@@@@@@@@@
[2019-03-03T00:33:13.003Z] [lib/orders] amend ag-xzxpxons-lm
[2019-03-03T00:33:13.003Z] [lib/orders] params { price: 3804.5 }
[2019-03-03T00:33:13.003Z] [lib/orders] @@@@@@@@@@@@@@@@@@@@@@@@@@@@@@@@@@@@@@@@@@@@@@@@@@@@@@@
[2019-03-03T00:33:13.003Z] [lib/https] PUT https://testnet.bitmex.com/api/v1/order
[2019-03-03T00:33:13.983Z] [lib/backbone] OrderAmended
[2019-03-03T00:33:14.003Z] [lib/orders] @@@@@@@@@@@@@@@@@@@@@@@@@@@@@@@@@@@@@@@@@@@@@@@@@@@@@@@
[2019-03-03T00:33:14.003Z] [lib/orders] amend ag-xzxpxons-lm
[2019-03-03T00:33:14.003Z] [lib/orders] params { price: 3804.5 }
[2019-03-03T00:33:14.003Z] [lib/orders] @@@@@@@@@@@@@@@@@@@@@@@@@@@@@@@@@@@@@@@@@@@@@@@@@@@@@@@
[2019-03-03T00:33:14.003Z] [lib/https] PUT https://testnet.bitmex.com/api/v1/order
[2019-03-03T00:33:16.198Z] [lib/backbone] OrderAmended
[2019-03-03T00:33:17.002Z] [lib/orders] @@@@@@@@@@@@@@@@@@@@@@@@@@@@@@@@@@@@@@@@@@@@@@@@@@@@@@@
[2019-03-03T00:33:17.002Z] [lib/orders] amend ag-xzxpxons-lm
[2019-03-03T00:33:17.002Z] [lib/orders] params { price: 3804.5 }
[2019-03-03T00:33:17.002Z] [lib/orders] @@@@@@@@@@@@@@@@@@@@@@@@@@@@@@@@@@@@@@@@@@@@@@@@@@@@@@@
[2019-03-03T00:33:17.003Z] [lib/https] PUT https://testnet.bitmex.com/api/v1/order
[2019-03-03T00:33:19.511Z] [lib/backbone] OrderAmended
[2019-03-03T00:33:20.002Z] [lib/orders] @@@@@@@@@@@@@@@@@@@@@@@@@@@@@@@@@@@@@@@@@@@@@@@@@@@@@@@
[2019-03-03T00:33:20.002Z] [lib/orders] amend ag-xzxpxons-lm
[2019-03-03T00:33:20.002Z] [lib/orders] params { price: 3804.5 }
[2019-03-03T00:33:20.003Z] [lib/orders] @@@@@@@@@@@@@@@@@@@@@@@@@@@@@@@@@@@@@@@@@@@@@@@@@@@@@@@
[2019-03-03T00:33:20.004Z] [lib/https] PUT https://testnet.bitmex.com/api/v1/order
[2019-03-03T00:33:22.067Z] [lib/backbone] OrderAmended
[2019-03-03T00:33:23.001Z] [lib/orders] @@@@@@@@@@@@@@@@@@@@@@@@@@@@@@@@@@@@@@@@@@@@@@@@@@@@@@@
[2019-03-03T00:33:23.001Z] [lib/orders] amend ag-xzxpxons-lm
[2019-03-03T00:33:23.001Z] [lib/orders] params { price: 3804.5 }
[2019-03-03T00:33:23.002Z] [lib/orders] @@@@@@@@@@@@@@@@@@@@@@@@@@@@@@@@@@@@@@@@@@@@@@@@@@@@@@@
[2019-03-03T00:33:23.002Z] [lib/https] PUT https://testnet.bitmex.com/api/v1/order
[2019-03-03T00:33:24.037Z] [lib/backbone] OrderAmended
[2019-03-03T00:33:25.002Z] [lib/orders] @@@@@@@@@@@@@@@@@@@@@@@@@@@@@@@@@@@@@@@@@@@@@@@@@@@@@@@
[2019-03-03T00:33:25.002Z] [lib/orders] amend ag-xzxpxons-lm
[2019-03-03T00:33:25.002Z] [lib/orders] params { price: 3804.5 }
[2019-03-03T00:33:25.003Z] [lib/orders] @@@@@@@@@@@@@@@@@@@@@@@@@@@@@@@@@@@@@@@@@@@@@@@@@@@@@@@
[2019-03-03T00:33:25.004Z] [lib/https] PUT https://testnet.bitmex.com/api/v1/order
[2019-03-03T00:33:26.745Z] [lib/backbone] OrderAmended
[2019-03-03T00:33:27.005Z] [lib/orders] @@@@@@@@@@@@@@@@@@@@@@@@@@@@@@@@@@@@@@@@@@@@@@@@@@@@@@@
[2019-03-03T00:33:27.005Z] [lib/orders] amend ag-xzxpxons-lm
[2019-03-03T00:33:27.005Z] [lib/orders] params { price: 3804.5 }
[2019-03-03T00:33:27.005Z] [lib/orders] @@@@@@@@@@@@@@@@@@@@@@@@@@@@@@@@@@@@@@@@@@@@@@@@@@@@@@@
[2019-03-03T00:33:27.005Z] [lib/https] PUT https://testnet.bitmex.com/api/v1/order
[2019-03-03T00:33:28.000Z] [lib/backbone] OrderAmended
[2019-03-03T00:33:29.006Z] [lib/orders] @@@@@@@@@@@@@@@@@@@@@@@@@@@@@@@@@@@@@@@@@@@@@@@@@@@@@@@
[2019-03-03T00:33:29.006Z] [lib/orders] amend ag-xzxpxons-lm
[2019-03-03T00:33:29.006Z] [lib/orders] params { price: 3804.5 }
[2019-03-03T00:33:29.006Z] [lib/orders] @@@@@@@@@@@@@@@@@@@@@@@@@@@@@@@@@@@@@@@@@@@@@@@@@@@@@@@
[2019-03-03T00:33:29.006Z] [lib/https] PUT https://testnet.bitmex.com/api/v1/order
[2019-03-03T00:33:30.142Z] [lib/backbone] OrderAmended
[2019-03-03T00:33:31.003Z] [lib/orders] @@@@@@@@@@@@@@@@@@@@@@@@@@@@@@@@@@@@@@@@@@@@@@@@@@@@@@@
[2019-03-03T00:33:31.003Z] [lib/orders] amend ag-xzxpxons-lm
[2019-03-03T00:33:31.003Z] [lib/orders] params { price: 3804.5 }
[2019-03-03T00:33:31.003Z] [lib/orders] @@@@@@@@@@@@@@@@@@@@@@@@@@@@@@@@@@@@@@@@@@@@@@@@@@@@@@@
[2019-03-03T00:33:31.003Z] [lib/https] PUT https://testnet.bitmex.com/api/v1/order
[2019-03-03T00:33:31.945Z] [lib/backbone] OrderAmended
[2019-03-03T00:33:32.001Z] [lib/orders] @@@@@@@@@@@@@@@@@@@@@@@@@@@@@@@@@@@@@@@@@@@@@@@@@@@@@@@
[2019-03-03T00:33:32.001Z] [lib/orders] amend ag-xzxpxons-lm
[2019-03-03T00:33:32.001Z] [lib/orders] params { price: 3804.5 }
[2019-03-03T00:33:32.002Z] [lib/orders] @@@@@@@@@@@@@@@@@@@@@@@@@@@@@@@@@@@@@@@@@@@@@@@@@@@@@@@
[2019-03-03T00:33:32.002Z] [lib/https] PUT https://testnet.bitmex.com/api/v1/order
[2019-03-03T00:33:33.030Z] [lib/backbone] OrderAmended
[2019-03-03T00:33:34.003Z] [lib/orders] @@@@@@@@@@@@@@@@@@@@@@@@@@@@@@@@@@@@@@@@@@@@@@@@@@@@@@@
[2019-03-03T00:33:34.003Z] [lib/orders] amend ag-xzxpxons-lm
[2019-03-03T00:33:34.003Z] [lib/orders] params { price: 3804.5 }
[2019-03-03T00:33:34.003Z] [lib/orders] @@@@@@@@@@@@@@@@@@@@@@@@@@@@@@@@@@@@@@@@@@@@@@@@@@@@@@@
[2019-03-03T00:33:34.003Z] [lib/https] PUT https://testnet.bitmex.com/api/v1/order
[2019-03-03T00:33:35.099Z] [lib/backbone] OrderAmended
[2019-03-03T00:33:36.001Z] [lib/orders] @@@@@@@@@@@@@@@@@@@@@@@@@@@@@@@@@@@@@@@@@@@@@@@@@@@@@@@
[2019-03-03T00:33:36.001Z] [lib/orders] amend ag-xzxpxons-lm
[2019-03-03T00:33:36.001Z] [lib/orders] params { price: 3804.5 }
[2019-03-03T00:33:36.001Z] [lib/orders] @@@@@@@@@@@@@@@@@@@@@@@@@@@@@@@@@@@@@@@@@@@@@@@@@@@@@@@
[2019-03-03T00:33:36.001Z] [lib/https] PUT https://testnet.bitmex.com/api/v1/order
[2019-03-03T00:33:37.003Z] [lib/backbone] OrderAmended
[2019-03-03T00:33:38.005Z] [lib/orders] @@@@@@@@@@@@@@@@@@@@@@@@@@@@@@@@@@@@@@@@@@@@@@@@@@@@@@@
[2019-03-03T00:33:38.005Z] [lib/orders] amend ag-xzxpxons-lm
[2019-03-03T00:33:38.006Z] [lib/orders] params { price: 3804.5 }
[2019-03-03T00:33:38.006Z] [lib/orders] @@@@@@@@@@@@@@@@@@@@@@@@@@@@@@@@@@@@@@@@@@@@@@@@@@@@@@@
[2019-03-03T00:33:38.006Z] [lib/https] PUT https://testnet.bitmex.com/api/v1/order
[2019-03-03T00:33:39.077Z] [lib/backbone] OrderAmended
[2019-03-03T00:33:40.003Z] [lib/orders] @@@@@@@@@@@@@@@@@@@@@@@@@@@@@@@@@@@@@@@@@@@@@@@@@@@@@@@
[2019-03-03T00:33:40.003Z] [lib/orders] amend ag-xzxpxons-lm
[2019-03-03T00:33:40.003Z] [lib/orders] params { price: 3804.5 }
[2019-03-03T00:33:40.003Z] [lib/orders] @@@@@@@@@@@@@@@@@@@@@@@@@@@@@@@@@@@@@@@@@@@@@@@@@@@@@@@
[2019-03-03T00:33:40.003Z] [lib/https] PUT https://testnet.bitmex.com/api/v1/order
[2019-03-03T00:33:41.109Z] [lib/backbone] OrderAmended
[2019-03-03T00:33:42.001Z] [lib/orders] @@@@@@@@@@@@@@@@@@@@@@@@@@@@@@@@@@@@@@@@@@@@@@@@@@@@@@@
[2019-03-03T00:33:42.001Z] [lib/orders] amend ag-xzxpxons-lm
[2019-03-03T00:33:42.001Z] [lib/orders] params { price: 3804.5 }
[2019-03-03T00:33:42.001Z] [lib/orders] @@@@@@@@@@@@@@@@@@@@@@@@@@@@@@@@@@@@@@@@@@@@@@@@@@@@@@@
[2019-03-03T00:33:42.001Z] [lib/https] PUT https://testnet.bitmex.com/api/v1/order
[2019-03-03T00:33:42.988Z] [lib/backbone] OrderAmended
[2019-03-03T00:33:43.003Z] [lib/orders] @@@@@@@@@@@@@@@@@@@@@@@@@@@@@@@@@@@@@@@@@@@@@@@@@@@@@@@
[2019-03-03T00:33:43.003Z] [lib/orders] amend ag-xzxpxons-lm
[2019-03-03T00:33:43.003Z] [lib/orders] params { price: 3804.5 }
[2019-03-03T00:33:43.003Z] [lib/orders] @@@@@@@@@@@@@@@@@@@@@@@@@@@@@@@@@@@@@@@@@@@@@@@@@@@@@@@
[2019-03-03T00:33:43.003Z] [lib/https] PUT https://testnet.bitmex.com/api/v1/order
[2019-03-03T00:33:44.205Z] [lib/backbone] OrderAmended
[2019-03-03T00:33:45.001Z] [lib/orders] @@@@@@@@@@@@@@@@@@@@@@@@@@@@@@@@@@@@@@@@@@@@@@@@@@@@@@@
[2019-03-03T00:33:45.002Z] [lib/orders] amend ag-xzxpxons-lm
[2019-03-03T00:33:45.002Z] [lib/orders] params { price: 3804.5 }
[2019-03-03T00:33:45.002Z] [lib/orders] @@@@@@@@@@@@@@@@@@@@@@@@@@@@@@@@@@@@@@@@@@@@@@@@@@@@@@@
[2019-03-03T00:33:45.002Z] [lib/https] PUT https://testnet.bitmex.com/api/v1/order
[2019-03-03T00:33:46.325Z] [lib/backbone] OrderAmended
[2019-03-03T00:33:47.004Z] [lib/orders] @@@@@@@@@@@@@@@@@@@@@@@@@@@@@@@@@@@@@@@@@@@@@@@@@@@@@@@
[2019-03-03T00:33:47.004Z] [lib/orders] amend ag-xzxpxons-lm
[2019-03-03T00:33:47.004Z] [lib/orders] params { price: 3804.5 }
[2019-03-03T00:33:47.004Z] [lib/orders] @@@@@@@@@@@@@@@@@@@@@@@@@@@@@@@@@@@@@@@@@@@@@@@@@@@@@@@
[2019-03-03T00:33:47.005Z] [lib/https] PUT https://testnet.bitmex.com/api/v1/order
[2019-03-03T00:33:49.499Z] [lib/backbone] OrderAmended
[2019-03-03T00:33:50.003Z] [lib/orders] @@@@@@@@@@@@@@@@@@@@@@@@@@@@@@@@@@@@@@@@@@@@@@@@@@@@@@@
[2019-03-03T00:33:50.003Z] [lib/orders] amend ag-xzxpxons-lm
[2019-03-03T00:33:50.003Z] [lib/orders] params { price: 3804.5 }
[2019-03-03T00:33:50.003Z] [lib/orders] @@@@@@@@@@@@@@@@@@@@@@@@@@@@@@@@@@@@@@@@@@@@@@@@@@@@@@@
[2019-03-03T00:33:50.003Z] [lib/https] PUT https://testnet.bitmex.com/api/v1/order
[2019-03-03T00:33:53.059Z] [lib/backbone] OrderAmended
[2019-03-03T00:33:54.004Z] [lib/orders] @@@@@@@@@@@@@@@@@@@@@@@@@@@@@@@@@@@@@@@@@@@@@@@@@@@@@@@
[2019-03-03T00:33:54.004Z] [lib/orders] amend ag-xzxpxons-lm
[2019-03-03T00:33:54.004Z] [lib/orders] params { price: 3804.5 }
[2019-03-03T00:33:54.004Z] [lib/orders] @@@@@@@@@@@@@@@@@@@@@@@@@@@@@@@@@@@@@@@@@@@@@@@@@@@@@@@
[2019-03-03T00:33:54.004Z] [lib/https] PUT https://testnet.bitmex.com/api/v1/order
[2019-03-03T00:33:57.790Z] [lib/backbone] OrderAmended
[2019-03-03T00:33:58.004Z] [lib/orders] @@@@@@@@@@@@@@@@@@@@@@@@@@@@@@@@@@@@@@@@@@@@@@@@@@@@@@@
[2019-03-03T00:33:58.004Z] [lib/orders] amend ag-xzxpxons-lm
[2019-03-03T00:33:58.004Z] [lib/orders] params { price: 3804.5 }
[2019-03-03T00:33:58.004Z] [lib/orders] @@@@@@@@@@@@@@@@@@@@@@@@@@@@@@@@@@@@@@@@@@@@@@@@@@@@@@@
[2019-03-03T00:33:58.004Z] [lib/https] PUT https://testnet.bitmex.com/api/v1/order
[2019-03-03T00:34:00.003Z] [lib/backbone] CandleClosed
[2019-03-03T00:34:00.003Z] [lib/backbone] CandleAnalyzed
[2019-03-03T00:34:00.003Z] [lib/backbone] OpenShort
[2019-03-03T00:34:00.003Z] [lib/backbone] TradeContract
[2019-03-03T00:34:00.003Z] [broker/bitmex] max amount of jobs
[2019-03-03T00:34:01.990Z] [lib/backbone] OrderAmended
[2019-03-03T00:34:02.003Z] [lib/orders] @@@@@@@@@@@@@@@@@@@@@@@@@@@@@@@@@@@@@@@@@@@@@@@@@@@@@@@
[2019-03-03T00:34:02.003Z] [lib/orders] amend ag-xzxpxons-lm
[2019-03-03T00:34:02.003Z] [lib/orders] params { price: 3804.5 }
[2019-03-03T00:34:02.003Z] [lib/orders] @@@@@@@@@@@@@@@@@@@@@@@@@@@@@@@@@@@@@@@@@@@@@@@@@@@@@@@
[2019-03-03T00:34:02.004Z] [lib/https] PUT https://testnet.bitmex.com/api/v1/order
[2019-03-03T00:34:04.718Z] [lib/backbone] OrderAmended
[2019-03-03T00:34:05.004Z] [lib/orders] @@@@@@@@@@@@@@@@@@@@@@@@@@@@@@@@@@@@@@@@@@@@@@@@@@@@@@@
[2019-03-03T00:34:05.004Z] [lib/orders] amend ag-xzxpxons-lm
[2019-03-03T00:34:05.004Z] [lib/orders] params { price: 3804.5 }
[2019-03-03T00:34:05.005Z] [lib/orders] @@@@@@@@@@@@@@@@@@@@@@@@@@@@@@@@@@@@@@@@@@@@@@@@@@@@@@@
[2019-03-03T00:34:05.005Z] [lib/https] PUT https://testnet.bitmex.com/api/v1/order
[2019-03-03T00:34:08.689Z] [lib/backbone] OrderAmended
[2019-03-03T00:34:09.005Z] [lib/orders] @@@@@@@@@@@@@@@@@@@@@@@@@@@@@@@@@@@@@@@@@@@@@@@@@@@@@@@
[2019-03-03T00:34:09.005Z] [lib/orders] amend ag-xzxpxons-lm
[2019-03-03T00:34:09.005Z] [lib/orders] params { price: 3804.5 }
[2019-03-03T00:34:09.005Z] [lib/orders] @@@@@@@@@@@@@@@@@@@@@@@@@@@@@@@@@@@@@@@@@@@@@@@@@@@@@@@
[2019-03-03T00:34:09.005Z] [lib/https] PUT https://testnet.bitmex.com/api/v1/order
[2019-03-03T00:34:12.993Z] [lib/backbone] OrderAmended
[2019-03-03T00:34:13.001Z] [lib/orders] @@@@@@@@@@@@@@@@@@@@@@@@@@@@@@@@@@@@@@@@@@@@@@@@@@@@@@@
[2019-03-03T00:34:13.001Z] [lib/orders] amend ag-xzxpxons-lm
[2019-03-03T00:34:13.001Z] [lib/orders] params { price: 3804.5 }
[2019-03-03T00:34:13.001Z] [lib/orders] @@@@@@@@@@@@@@@@@@@@@@@@@@@@@@@@@@@@@@@@@@@@@@@@@@@@@@@
[2019-03-03T00:34:13.001Z] [lib/https] PUT https://testnet.bitmex.com/api/v1/order
[2019-03-03T00:34:17.315Z] [lib/backbone] OrderAmended
[2019-03-03T00:34:18.002Z] [lib/orders] @@@@@@@@@@@@@@@@@@@@@@@@@@@@@@@@@@@@@@@@@@@@@@@@@@@@@@@
[2019-03-03T00:34:18.002Z] [lib/orders] amend ag-xzxpxons-lm
[2019-03-03T00:34:18.002Z] [lib/orders] params { price: 3804.5 }
[2019-03-03T00:34:18.002Z] [lib/orders] @@@@@@@@@@@@@@@@@@@@@@@@@@@@@@@@@@@@@@@@@@@@@@@@@@@@@@@
[2019-03-03T00:34:18.002Z] [lib/https] PUT https://testnet.bitmex.com/api/v1/order
[2019-03-03T00:34:21.651Z] [lib/backbone] OrderAmended
[2019-03-03T00:34:22.004Z] [lib/orders] @@@@@@@@@@@@@@@@@@@@@@@@@@@@@@@@@@@@@@@@@@@@@@@@@@@@@@@
[2019-03-03T00:34:22.004Z] [lib/orders] amend ag-xzxpxons-lm
[2019-03-03T00:34:22.004Z] [lib/orders] params { price: 3804.5 }
[2019-03-03T00:34:22.004Z] [lib/orders] @@@@@@@@@@@@@@@@@@@@@@@@@@@@@@@@@@@@@@@@@@@@@@@@@@@@@@@
[2019-03-03T00:34:22.004Z] [lib/https] PUT https://testnet.bitmex.com/api/v1/order
[2019-03-03T00:34:25.925Z] [lib/orders] { status: { code: 400, msg: 'Bad Request' },
  headers:
   { date: 'Sun, 03 Mar 2019 00:34:24 GMT',
     'content-type': 'application/json; charset=utf-8',
     'content-length': '60',
     connection: 'close',
     'x-ratelimit-limit': '300',
     'x-ratelimit-remaining': '299',
     'x-ratelimit-reset': '1551573265',
     'x-powered-by': 'Profit',
     etag: 'W/"3c-F/BKZCKGUD0mzzsrDuLLqs9+sAM"',
     'strict-transport-security': 'max-age=31536000; includeSubDomains' },
  body:
   { error: { message: 'Invalid ordStatus', name: 'HTTPError' } } } 
