[2019-03-03T02:11:56.796Z] [Peron/main] peronizando
[2019-03-03T02:11:56.799Z] [lib/backbone] initializing
[2019-03-03T02:11:56.801Z] [lib/backbone] chaining SocketConnected => DownloadHistory
[2019-03-03T02:11:56.801Z] [lib/backbone] chaining HistoryDownloaded => WatchMarket
[2019-03-03T02:11:56.801Z] [lib/backbone] ConnectSocket
[2019-03-03T02:11:58.445Z] [core/adapter] connection established
[2019-03-03T02:11:58.446Z] [core/adapter] GET/realtime1583115118
[2019-03-03T02:11:58.452Z] [core/adapter] limit updated: 39
[2019-03-03T02:11:58.763Z] [lib/backbone] SocketConnected
[2019-03-03T02:11:58.763Z] [lib/backbone] DownloadHistory
[2019-03-03T02:11:58.765Z] [lib/https] GET https://testnet.bitmex.com/api/v1/trade/bucketed?binSize=1m&partial=false&symbol=XBTUSD&count=50&reverse=true
[2019-03-03T02:12:00.060Z] [lib/backbone] HistoryDownloaded
[2019-03-03T02:12:00.061Z] [lib/backbone] HistoryAnalyzed
[2019-03-03T02:12:00.061Z] [lib/backbone] WatchMarket
[2019-03-03T02:12:00.423Z] [broker/bitmex] Ignored non-peronist order
[2019-03-03T02:12:00.424Z] [core/adapter] subscribed successfully to 'margin'
[2019-03-03T02:12:00.425Z] [core/adapter] subscribed successfully to 'quote:XBTUSD'
[2019-03-03T02:12:00.425Z] [core/adapter] subscribed successfully to 'order:XBTUSD'
[2019-03-03T02:12:00.425Z] [core/adapter] subscribed successfully to 'trade:XBTUSD'
[2019-03-03T02:12:00.426Z] [core/adapter] subscribed successfully to 'tradeBin1m:XBTUSD'
[2019-03-03T02:12:00.426Z] [core/adapter] subscribed successfully to 'position:XBTUSD'
[2019-03-03T02:12:00.426Z] [lib/backbone] CandleReceived
[2019-03-03T02:12:00.433Z] [lib/orders] @@@@@@@@@@@@@@@@@@@@@@@@@@@@@@@@@@@@@@@@@@@@@@@@@@@@@@@
[2019-03-03T02:12:00.433Z] [lib/orders] create ag-g12ifjfq-sl
[2019-03-03T02:12:00.433Z] [lib/orders] params { ordType: 'Stop', execInst: 'ReduceOnly', stopPx: 3842.5 }
[2019-03-03T02:12:00.436Z] [lib/orders] @@@@@@@@@@@@@@@@@@@@@@@@@@@@@@@@@@@@@@@@@@@@@@@@@@@@@@@
[2019-03-03T02:12:00.437Z] [lib/https] POST https://testnet.bitmex.com/api/v1/order
[2019-03-03T02:12:01.379Z] [lib/orders] @@@@@@@@@@@@@@@@@@@@@@@@@@@@@@@@@@@@@@@@@@@@@@@@@@@@@@@
[2019-03-03T02:12:01.379Z] [lib/orders] create ag-g12ifjfq-tp
[2019-03-03T02:12:01.380Z] [lib/orders] params { ordType: 'Limit', execInst: 'ReduceOnly', price: 3766.5 }
[2019-03-03T02:12:01.380Z] [lib/orders] @@@@@@@@@@@@@@@@@@@@@@@@@@@@@@@@@@@@@@@@@@@@@@@@@@@@@@@
[2019-03-03T02:12:01.380Z] [lib/https] POST https://testnet.bitmex.com/api/v1/order
[2019-03-03T02:12:02.348Z] [lib/orders] @@@@@@@@@@@@@@@@@@@@@@@@@@@@@@@@@@@@@@@@@@@@@@@@@@@@@@@
[2019-03-03T02:12:02.348Z] [lib/orders] amend ag-g12ifjfq-tp
[2019-03-03T02:12:02.348Z] [lib/orders] params { price: 3809.5 }
[2019-03-03T02:12:02.349Z] [lib/orders] @@@@@@@@@@@@@@@@@@@@@@@@@@@@@@@@@@@@@@@@@@@@@@@@@@@@@@@
[2019-03-03T02:12:02.349Z] [lib/https] PUT https://testnet.bitmex.com/api/v1/order
[2019-03-03T02:12:03.411Z] [lib/orders] { status: { code: 400, msg: 'Bad Request' },
  headers:
   { date: 'Sun, 03 Mar 2019 02:12:03 GMT',
     'content-type': 'application/json; charset=utf-8',
     'content-length': '60',
     connection: 'close',
     'x-ratelimit-limit': '300',
     'x-ratelimit-remaining': '298',
     'x-ratelimit-reset': '1551579124',
     'x-powered-by': 'Profit',
     etag: 'W/"3c-F/BKZCKGUD0mzzsrDuLLqs9+sAM"',
     'strict-transport-security': 'max-age=31536000; includeSubDomains' },
  body:
   { error: { message: 'Invalid ordStatus', name: 'HTTPError' } } } 
