
[2019-03-06T16:54:50.008Z] [broker/bitmex] >>>> creating job ag-07onnlzi
[2019-03-06T16:54:50.211Z] [lib/orders] >>>> create order ag-07onnlzi-lm
[2019-03-06T16:54:51.119Z] [broker/bitmex] >>>> updating job ag-07onnlzi { state: 1 }
[2019-03-06T16:54:51.202Z] [broker/bitmex] >>>> pending order id: ag-07onnlzi-lm status: New
[2019-03-06T16:54:51.202Z] [broker/bitmex] >>>> pending order id: ag-07onnlzi-lm status: undefined
[2019-03-06T16:54:54.210Z] [lib/orders] >>>> amend order ag-07onnlzi-lm New { price: 3835.5 }
[2019-03-06T16:54:55.203Z] [broker/bitmex] >>>> pending order id: ag-07onnlzi-lm status: undefined
[2019-03-06T16:55:50.007Z] [broker/bitmex] onTradeContract XBTUSD 169 3835

[2019-03-06T16:55:54.403Z] [broker/bitmex] >>>> pending order id: ag-07onnlzi-lm status: PartiallyFilled
[2019-03-06T16:55:54.403Z] [broker/bitmex] %%%%%%%%%%%%%%%%%%%%%%%%%%%%%%%%%%%%%%%%%%%%%%%%%%%%%%
[2019-03-06T16:55:54.404Z] [lib/orders] [ { orderID: '51282033-abc7-cf6c-8232-be2d778b4fe0',
    clOrdID: 'ag-07onnlzi-lm',
    clOrdLinkID: '',
    account: 153475,
    symbol: 'XBTUSD',
    side: 'Buy',
    simpleOrderQty: null,
    orderQty: 169,
    price: 3835.5,
    displayQty: null,
    stopPx: null,
    pegOffsetValue: null,
    pegPriceType: '',
    currency: 'USD',
    settlCurrency: 'XBt',
    ordType: 'Limit',
    timeInForce: 'GoodTillCancel',
    execInst: 'ParticipateDoNotInitiate',
    contingencyType: '',
    exDestination: 'XBME',
    ordStatus: 'PartiallyFilled',
    triggered: '',
    workingIndicator: true,
    ordRejReason: '',
    simpleLeavesQty: null,
    leavesQty: 100,
    simpleCumQty: null,
    cumQty: 69,
    avgPx: 3835.5,
    multiLegReportingType: 'SingleSecurity',
    text: 'Amended price: Amended via API.\nSubmitted via API.',
    transactTime: '2019-03-06T16:54:55.039Z',
    timestamp: '2019-03-06T16:55:54.098Z' } ]
[2019-03-06T16:55:54.405Z] [broker/bitmex] ======================================================
[2019-03-06T16:55:54.405Z] [broker/bitmex] []
[2019-03-06T16:55:54.406Z] [broker/bitmex] %%%%%%%%%%%%%%%%%%%%%%%%%%%%%%%%%%%%%%%%%%%%%%%%%%%%%%
[2019-03-06T16:55:54.406Z] [broker/bitmex] >>>> updating job ag-07onnlzi { sl: 3826 }
[2019-03-06T16:55:54.406Z] [lib/orders] >>>> create order ag-07onnlzi-sl
[2019-03-06T16:55:55.510Z] [lib/orders] >>>> create order ag-07onnlzi-tp
[2019-03-06T16:55:56.359Z] [broker/bitmex] >>>> updating job ag-07onnlzi { state: 2 }
[2019-03-06T16:55:56.359Z] [broker/bitmex] >>>> pending order id: ag-07onnlzi-sl status: New
[2019-03-06T16:55:56.411Z] [broker/bitmex] >>>> pending order id: ag-07onnlzi-tp status: New
[2019-03-06T16:55:56.411Z] [broker/bitmex] >>>> pending order id: ag-07onnlzi-tp status: undefined
[2019-03-06T16:56:02.203Z] [broker/bitmex] >>>> pending order id: ag-07onnlzi-lm status: undefined
[2019-03-06T16:56:02.203Z] [broker/bitmex] %%%%%%%%%%%%%%%%%%%%%%%%%%%%%%%%%%%%%%%%%%%%%%%%%%%%%%
[2019-03-06T16:56:02.203Z] [lib/orders] [ { orderID: '51282033-abc7-cf6c-8232-be2d778b4fe0',
    clOrdID: 'ag-07onnlzi-lm',
    clOrdLinkID: '',
    account: 153475,
    symbol: 'XBTUSD',
    side: 'Buy',
    simpleOrderQty: null,
    orderQty: 169,
    price: 3835.5,
    displayQty: null,
    stopPx: null,
    pegOffsetValue: null,
    pegPriceType: '',
    currency: 'USD',
    settlCurrency: 'XBt',
    ordType: 'Limit',
    timeInForce: 'GoodTillCancel',
    execInst: 'ParticipateDoNotInitiate',
    contingencyType: '',
    exDestination: 'XBME',
    ordStatus: 'PartiallyFilled',
    triggered: '',
    workingIndicator: true,
    ordRejReason: '',
    simpleLeavesQty: null,
    leavesQty: 99,
    simpleCumQty: null,
    cumQty: 70,
    avgPx: 3835.5,
    multiLegReportingType: 'SingleSecurity',
    text: 'Amended price: Amended via API.\nSubmitted via API.',
    transactTime: '2019-03-06T16:54:55.039Z',
    timestamp: '2019-03-06T16:56:01.872Z' },
  { orderID: 'b932d3d8-6d92-4324-fe9d-cb0997fbb848',
    clOrdID: 'ag-07onnlzi-sl',
    clOrdLinkID: '',
    account: 153475,
    symbol: 'XBTUSD',
    side: 'Sell',
    simpleOrderQty: null,
    orderQty: 69,
    price: null,
    displayQty: null,
    stopPx: 3806.5,
    pegOffsetValue: null,
    pegPriceType: '',
    currency: 'USD',
    settlCurrency: 'XBt',
    ordType: 'Stop',
    timeInForce: 'GoodTillCancel',
    execInst: 'ReduceOnly',
    contingencyType: '',
    exDestination: 'XBME',
    ordStatus: 'New',
    triggered: '',
    workingIndicator: false,
    ordRejReason: '',
    simpleLeavesQty: null,
    leavesQty: 69,
    simpleCumQty: null,
    cumQty: 0,
    avgPx: null,
    multiLegReportingType: 'SingleSecurity',
    text: 'Submitted via API.',
    transactTime: '2019-03-06T16:55:55.368Z',
    timestamp: '2019-03-06T16:55:55.368Z' },
  { orderID: '4f968cc3-2cb8-600d-08bf-afea151552b9',
    clOrdID: 'ag-07onnlzi-tp',
    clOrdLinkID: '',
    account: 153475,
    symbol: 'XBTUSD',
    side: 'Sell',
    simpleOrderQty: null,
    orderQty: 69,
    price: 3837,
    displayQty: null,
    stopPx: null,
    pegOffsetValue: null,
    pegPriceType: '',
    currency: 'USD',
    settlCurrency: 'XBt',
    ordType: 'Limit',
    timeInForce: 'GoodTillCancel',
    execInst: 'ReduceOnly',
    contingencyType: '',
    exDestination: 'XBME',
    ordStatus: 'New',
    triggered: '',
    workingIndicator: true,
    ordRejReason: '',
    simpleLeavesQty: null,
    leavesQty: 69,
    simpleCumQty: null,
    cumQty: 0,
    avgPx: null,
    multiLegReportingType: 'SingleSecurity',
    text: 'Submitted via API.',
    transactTime: '2019-03-06T16:55:56.242Z',
    timestamp: '2019-03-06T16:55:56.242Z' } ]
[2019-03-06T16:56:02.204Z] [broker/bitmex] ======================================================
[2019-03-06T16:56:02.204Z] [broker/bitmex] []
[2019-03-06T16:56:02.204Z] [broker/bitmex] %%%%%%%%%%%%%%%%%%%%%%%%%%%%%%%%%%%%%%%%%%%%%%%%%%%%%%
[2019-03-06T16:56:02.204Z] [broker/bitmex] >>>> updating job ag-07onnlzi { sl: 3826 }
[2019-03-06T16:56:02.205Z] [lib/orders] >>>> amend order ag-07onnlzi-sl New { orderQty: -70, stopPx: 3806.5 }
[2019-03-06T16:56:03.114Z] [lib/orders] >>>> amend order ag-07onnlzi-tp New { orderQty: -70, price: 3837 }
[2019-03-06T16:56:04.138Z] [broker/bitmex] >>>> updating job ag-07onnlzi { state: 2 }
[2019-03-06T16:56:04.139Z] [broker/bitmex] >>>> pending order id: ag-07onnlzi-sl status: undefined
[2019-03-06T16:56:04.139Z] [broker/bitmex] >>>> pending order id: ag-07onnlzi-lm status: Filled
[2019-03-06T16:56:04.139Z] [broker/bitmex] %%%%%%%%%%%%%%%%%%%%%%%%%%%%%%%%%%%%%%%%%%%%%%%%%%%%%%
[2019-03-06T16:56:04.139Z] [lib/orders] [ { orderID: '51282033-abc7-cf6c-8232-be2d778b4fe0',
    clOrdID: 'ag-07onnlzi-lm',
    clOrdLinkID: '',
    account: 153475,
    symbol: 'XBTUSD',
    side: 'Buy',
    simpleOrderQty: null,
    orderQty: 169,
    price: 3835.5,
    displayQty: null,
    stopPx: null,
    pegOffsetValue: null,
    pegPriceType: '',
    currency: 'USD',
    settlCurrency: 'XBt',
    ordType: 'Limit',
    timeInForce: 'GoodTillCancel',
    execInst: 'ParticipateDoNotInitiate',
    contingencyType: '',
    exDestination: 'XBME',
    ordStatus: 'Filled',
    triggered: '',
    workingIndicator: false,
    ordRejReason: '',
    simpleLeavesQty: null,
    leavesQty: 0,
    simpleCumQty: null,
    cumQty: 169,
    avgPx: 3835.5,
    multiLegReportingType: 'SingleSecurity',
    text: 'Amended price: Amended via API.\nSubmitted via API.',
    transactTime: '2019-03-06T16:54:55.039Z',
    timestamp: '2019-03-06T16:56:03.824Z' },
  { orderID: 'b932d3d8-6d92-4324-fe9d-cb0997fbb848',
    clOrdID: 'ag-07onnlzi-sl',
    clOrdLinkID: '',
    account: 153475,
    symbol: 'XBTUSD',
    side: 'Sell',
    simpleOrderQty: null,
    orderQty: 70,
    price: null,
    displayQty: null,
    stopPx: 3806.5,
    pegOffsetValue: null,
    pegPriceType: '',
    currency: 'USD',
    settlCurrency: 'XBt',
    ordType: 'Stop',
    timeInForce: 'GoodTillCancel',
    execInst: 'ReduceOnly',
    contingencyType: '',
    exDestination: 'XBME',
    ordStatus: 'New',
    triggered: '',
    workingIndicator: false,
    ordRejReason: '',
    simpleLeavesQty: null,
    leavesQty: 70,
    simpleCumQty: null,
    cumQty: 0,
    avgPx: null,
    multiLegReportingType: 'SingleSecurity',
    text:
     'Amended orderQty stopPx: Amended via API.\nSubmitted via API.',
    transactTime: '2019-03-06T16:56:02.983Z',
    timestamp: '2019-03-06T16:56:02.983Z' } ]
[2019-03-06T16:56:04.140Z] [broker/bitmex] ======================================================
[2019-03-06T16:56:04.140Z] [broker/bitmex] [ { orderID: '4f968cc3-2cb8-600d-08bf-afea151552b9',
    orderQty: 70,
    leavesQty: 70,
    text:
     'Amended orderQty price: Amended via API.\nSubmitted via API.',
    transactTime: '2019-03-06T16:56:04.004Z',
    timestamp: '2019-03-06T16:56:04.004Z',
    clOrdID: 'ag-07onnlzi-tp',
    account: 153475,
    symbol: 'XBTUSD' } ]
[2019-03-06T16:56:04.140Z] [broker/bitmex] %%%%%%%%%%%%%%%%%%%%%%%%%%%%%%%%%%%%%%%%%%%%%%%%%%%%%%
[2019-03-06T16:56:04.140Z] [broker/bitmex] >>>> updating job ag-07onnlzi { sl: 3826 }
[2019-03-06T16:56:04.140Z] [lib/orders] >>>> amend order ag-07onnlzi-sl New { orderQty: -169, stopPx: 3806.5 }
[2019-03-06T16:56:05.039Z] [lib/orders] >>>> create order ag-07onnlzi-tp
[2019-03-06T16:56:05.982Z] [lib/orders] >>>>>>>>>>>>>>>>>>>>>>>>>>>>>>>>>>>>>>>>>>>>
[2019-03-06T16:56:05.982Z] [lib/orders] creating failed ag-07onnlzi-tp XBTUSD -169 { ordType: 'Limit', execInst: 'ReduceOnly', price: 3837 }
[2019-03-06T16:56:05.982Z] [lib/orders] failed { status: { code: 400, msg: 'Bad Request' },
  headers:
   { date: 'Wed, 06 Mar 2019 16:56:05 GMT',
     'content-type': 'application/json; charset=utf-8',
     'content-length': '60',
     connection: 'close',
     'x-ratelimit-limit': '300',
     'x-ratelimit-remaining': '298',
     'x-ratelimit-reset': '1551891366',
     'x-powered-by': 'Profit',
     etag: 'W/"3c-2OXG+QKfBlOTnA/0KlM+keKNooE"',
     'strict-transport-security': 'max-age=31536000; includeSubDomains' },
  body:
   { error: { message: 'Duplicate clOrdID', name: 'HTTPError' } } }
[2019-03-06T16:56:05.983Z] [lib/orders] { status: { code: 400, msg: 'Bad Request' },
  headers:
   { date: 'Wed, 06 Mar 2019 16:56:05 GMT',
     'content-type': 'application/json; charset=utf-8',
     'content-length': '60',
     connection: 'close',
     'x-ratelimit-limit': '300',
     'x-ratelimit-remaining': '298',
     'x-ratelimit-reset': '1551891366',
     'x-powered-by': 'Profit',
     etag: 'W/"3c-2OXG+QKfBlOTnA/0KlM+keKNooE"',
     'strict-transport-security': 'max-age=31536000; includeSubDomains' },
  body:
   { error: { message: 'Duplicate clOrdID', name: 'HTTPError' } } }
